GT_Mod: Preload-Phase started!
GT_Mod: Getting required Items of other Mods.
GT_Mod: Setting Configs
GT_Mod: Downloading Cape List.
GT_Mod: Saving Main Config
GT_Mod: Generating Lang-File
GT_Mod: Downloading News.
GT_Mod: Removing all original Scrapbox Drops.
GT_Mod: Adding Scrap with a Weight of 200.0F to the Scrapbox Drops.
GT_Mod: Register Ore processing.
GT_Mod: Register OreDict Entries of Non-GT-Items.
GT_Mod: Loading Item Data Tags
GT_Mod: Register Books.
GT_Mod: Added Book to Book List  -  Mapping: 'Manual_Printer'  -  Name: 'Printer Manual V2.0'  -  Author: 'Gregorius Techneticies'
GT_Mod: Added Book to Book List  -  Mapping: 'Manual_Punch_Cards'  -  Name: 'Punch Card Manual V0.0'  -  Author: 'Gregorius Techneticies'
GT_Mod: Added Book to Book List  -  Mapping: 'Manual_Microwave'  -  Name: 'Microwave Oven Manual'  -  Author: 'Kitchen Industries'
GT_Mod: Register Items.
GT_Mod: Adding Blocks.
GT_Mod: Register TileEntities.
GT_Mod: Testing BaseMetaTileEntity.
GT_Mod: Registering the BaseMetaTileEntity.
GT_Mod: Registering the BaseMetaPipeEntity.
GT_Mod: Registering the Ore TileEntity.
GT_Mod: Registering Fluids.
GT_Mod: Hiding certain Items from NEI.
GT_Mod: Registering MetaTileEntities.
GT_Mod: Register Redstone Circuit behaviours.
GT_Mod: Adding Cover Behaviors
GT_Mod: Loading Sonictron Sounds
GT_Mod: Sorting GregTech to the end of the Mod List for further processing.
GT_Mod: Preload-Phase finished!
GT_Mod: Beginning Load-Phase.
GT_Mod: Scanning for certain kinds of compatible Machineblocks.
GT_Mod: Registering various Tools to be usable on GregTech Machines
GT_Mod: Adding Food Recipes to the Automatic Canning Machine. (also during the following Item Iteration)
GT_Mod: Scanning ItemList.
GT_Mod: Re-Unificating Recipes.
GT_Mod: Initializing various Fuels.
GT_Mod: Load-Phase finished!
GT_Mod: Beginning PostLoad-Phase.
GT_Mod: Adding Configs specific for MetaTileEntities
GT_Mod: Adding Tool Usage Crafting Recipes for OreDict Items.
GT_Mod: Re-Unificating Recipes.
GT_Mod: Adding worldgenerated Chest Content.
GT_Mod: Changing maximum Stacksizes if configured.
GT_Mod: Adding Stuff to the Recycler Blacklist.
GT_Mod: Adding Blocks to the Miners Valuable List.
GT_Mod: Adding non-OreDict Machine Recipes.
GT_Mod: (re-)adding Scrapbox Drops.
GT_Mod: Register Crops to IC2.
GT_Mod: Created a List of Tool Recipes containing 60 Recipes for recycling.
GT_Mod: Activating OreDictionary Handler, this can take some time, as it scans the whole OreDictionary
GT_Mod: 8 Recipes were left unused.
GT_Mod: Adding nerfed Vanilla Recipes.
GT_Mod: Adding Vanilla Convenience Recipes.
GT_Mod: Adding Tool Recipes.
GT_Mod: Adding Wool and Color releated Recipes.
GT_Mod: Putting a Potato on a Stick.
GT_Mod: Adding Mixed Metal Ingot Recipes.
GT_Mod: Adding Rolling Machine Recipes.
GT_Mod: Replacing Railcraft Recipes with slightly more OreDicted Variants
GT_Mod: Beginning to add regular Crafting Recipes.
GT_Mod: Applying harder Recipes for several Blocks.
GT_Mod: Applying Recipes for Tools
GT_Mod: Removing Q-Armor Recipes if configured.
GT_Mod: Nerfing Vanilla Tool Durability
GT_Mod: Adding buffered Recipes.
GT_Mod: Saving Lang File.
GT_Mod: PostLoad-Phase finished!
GT_Mod: Adding Fake Recipes for NEI
GT_Mod: Loading finished, deallocating temporary Init Variables.
GT_Mod: Starting Item Icon Load Phase
GT_Mod: Finished Item Icon Load Phase
GT_Mod: Setting up Icon Register for Blocks
GT_Mod: Registering MetaTileEntity specific Textures
GT_Mod: Registering Crop specific Textures
GT_Mod: Starting Block Icon Load Phase
GT_Mod: Finished Block Icon Load Phase
GT_Mod: ServerStarting-Phase started!
GT_Mod: Unificating outputs of all known Recipe Types.
GT_Mod: IC2 Machines
GT_Mod: Dungeon Loot
GT_Mod: Smelting
GT_Mod: Crafting Recipes
GT_Mod: ServerStarting-Phase finished!
GT_Mod: Cleaning up all OreDict Crafting Recipes, which have an empty List in them, since they are never meeting any Condition.
