[15:26:22] [main/INFO]: Setting user: QubicRage
[15:26:23] [Client thread/INFO]: LWJGL Version: 2.9.1
[15:26:32] [Client thread/INFO]: Reloading ResourceManager: Default, FMLFileResourcePack:Forge Mod Loader, FMLFileResourcePack:Minecraft Forge, FMLFileResourcePack:Not Enough Items, FMLFileResourcePack:Better Title Screen, FMLFileResourcePack:Custom Main Menu, FMLFileResourcePack:GregTech, FMLFileResourcePack:HoloInventory, FMLFileResourcePack:Hardcore Questing Mode, FMLFileResourcePack:IndustrialCraft 2, FMLFileResourcePack:Inventory Tweaks, FMLFileResourcePack:Iron Chest, FMLFileResourcePack:JABBA, FMLFileResourcePack:Lockdown, FMLFileResourcePack:MapWriter, FMLFileResourcePack:MineTweaker 3, FMLFileResourcePack:NEI Integration, FMLFileResourcePack:NotEnoughKEys, FMLFileResourcePack:Waila
[15:26:39] [Sound Library Loader/INFO]: Sound engine started
[15:26:42] [Client thread/INFO]: Created: 1024x1024 textures/blocks-atlas
[15:26:44] [Client thread/ERROR]: Using missing texture, unable to load gregtech:textures/items/gt.metaitem.01/621.png
java.io.FileNotFoundException: gregtech:textures/items/gt.metaitem.01/621.png
	at net.minecraft.client.resources.FallbackResourceManager.func_110536_a(SourceFile:51) ~[bqq.class:?]
	at net.minecraft.client.resources.SimpleReloadableResourceManager.func_110536_a(SourceFile:55) ~[brg.class:?]
	at net.minecraft.client.renderer.texture.TextureMap.func_110571_b(TextureMap.java:125) [bpz.class:?]
	at net.minecraft.client.renderer.texture.TextureMap.func_110551_a(TextureMap.java:90) [bpz.class:?]
	at net.minecraft.client.renderer.texture.TextureManager.func_110579_a(SourceFile:72) [bqf.class:?]
	at net.minecraft.client.renderer.texture.TextureManager.func_110580_a(SourceFile:61) [bqf.class:?]
	at net.minecraft.client.renderer.texture.TextureManager.func_130088_a(SourceFile:52) [bqf.class:?]
	at net.minecraft.client.Minecraft.func_71384_a(Minecraft.java:538) [bao.class:?]
	at net.minecraft.client.Minecraft.func_99999_d(Minecraft.java:867) [bao.class:?]
	at net.minecraft.client.main.Main.main(SourceFile:148) [Main.class:?]
	at sun.reflect.NativeMethodAccessorImpl.invoke0(Native Method) ~[?:1.7.0_71]
	at sun.reflect.NativeMethodAccessorImpl.invoke(Unknown Source) ~[?:1.7.0_71]
	at sun.reflect.DelegatingMethodAccessorImpl.invoke(Unknown Source) ~[?:1.7.0_71]
	at java.lang.reflect.Method.invoke(Unknown Source) ~[?:1.7.0_71]
	at net.minecraft.launchwrapper.Launch.launch(Launch.java:135) [launchwrapper-1.11.jar:?]
	at net.minecraft.launchwrapper.Launch.main(Launch.java:28) [launchwrapper-1.11.jar:?]
[15:26:44] [Client thread/ERROR]: Using missing texture, unable to load gregtech:textures/items/gt.metaitem.01/620.png
java.io.FileNotFoundException: gregtech:textures/items/gt.metaitem.01/620.png
	at net.minecraft.client.resources.FallbackResourceManager.func_110536_a(SourceFile:51) ~[bqq.class:?]
	at net.minecraft.client.resources.SimpleReloadableResourceManager.func_110536_a(SourceFile:55) ~[brg.class:?]
	at net.minecraft.client.renderer.texture.TextureMap.func_110571_b(TextureMap.java:125) [bpz.class:?]
	at net.minecraft.client.renderer.texture.TextureMap.func_110551_a(TextureMap.java:90) [bpz.class:?]
	at net.minecraft.client.renderer.texture.TextureManager.func_110579_a(SourceFile:72) [bqf.class:?]
	at net.minecraft.client.renderer.texture.TextureManager.func_110580_a(SourceFile:61) [bqf.class:?]
	at net.minecraft.client.renderer.texture.TextureManager.func_130088_a(SourceFile:52) [bqf.class:?]
	at net.minecraft.client.Minecraft.func_71384_a(Minecraft.java:538) [bao.class:?]
	at net.minecraft.client.Minecraft.func_99999_d(Minecraft.java:867) [bao.class:?]
	at net.minecraft.client.main.Main.main(SourceFile:148) [Main.class:?]
	at sun.reflect.NativeMethodAccessorImpl.invoke0(Native Method) ~[?:1.7.0_71]
	at sun.reflect.NativeMethodAccessorImpl.invoke(Unknown Source) ~[?:1.7.0_71]
	at sun.reflect.DelegatingMethodAccessorImpl.invoke(Unknown Source) ~[?:1.7.0_71]
	at java.lang.reflect.Method.invoke(Unknown Source) ~[?:1.7.0_71]
	at net.minecraft.launchwrapper.Launch.launch(Launch.java:135) [launchwrapper-1.11.jar:?]
	at net.minecraft.launchwrapper.Launch.main(Launch.java:28) [launchwrapper-1.11.jar:?]
[15:26:44] [Client thread/ERROR]: Using missing texture, unable to load gregtech:textures/items/gt.metaitem.01/623.png
java.io.FileNotFoundException: gregtech:textures/items/gt.metaitem.01/623.png
	at net.minecraft.client.resources.FallbackResourceManager.func_110536_a(SourceFile:51) ~[bqq.class:?]
	at net.minecraft.client.resources.SimpleReloadableResourceManager.func_110536_a(SourceFile:55) ~[brg.class:?]
	at net.minecraft.client.renderer.texture.TextureMap.func_110571_b(TextureMap.java:125) [bpz.class:?]
	at net.minecraft.client.renderer.texture.TextureMap.func_110551_a(TextureMap.java:90) [bpz.class:?]
	at net.minecraft.client.renderer.texture.TextureManager.func_110579_a(SourceFile:72) [bqf.class:?]
	at net.minecraft.client.renderer.texture.TextureManager.func_110580_a(SourceFile:61) [bqf.class:?]
	at net.minecraft.client.renderer.texture.TextureManager.func_130088_a(SourceFile:52) [bqf.class:?]
	at net.minecraft.client.Minecraft.func_71384_a(Minecraft.java:538) [bao.class:?]
	at net.minecraft.client.Minecraft.func_99999_d(Minecraft.java:867) [bao.class:?]
	at net.minecraft.client.main.Main.main(SourceFile:148) [Main.class:?]
	at sun.reflect.NativeMethodAccessorImpl.invoke0(Native Method) ~[?:1.7.0_71]
	at sun.reflect.NativeMethodAccessorImpl.invoke(Unknown Source) ~[?:1.7.0_71]
	at sun.reflect.DelegatingMethodAccessorImpl.invoke(Unknown Source) ~[?:1.7.0_71]
	at java.lang.reflect.Method.invoke(Unknown Source) ~[?:1.7.0_71]
	at net.minecraft.launchwrapper.Launch.launch(Launch.java:135) [launchwrapper-1.11.jar:?]
	at net.minecraft.launchwrapper.Launch.main(Launch.java:28) [launchwrapper-1.11.jar:?]
[15:26:44] [Client thread/ERROR]: Using missing texture, unable to load gregtech:textures/items/gt.metaitem.01/622.png
java.io.FileNotFoundException: gregtech:textures/items/gt.metaitem.01/622.png
	at net.minecraft.client.resources.FallbackResourceManager.func_110536_a(SourceFile:51) ~[bqq.class:?]
	at net.minecraft.client.resources.SimpleReloadableResourceManager.func_110536_a(SourceFile:55) ~[brg.class:?]
	at net.minecraft.client.renderer.texture.TextureMap.func_110571_b(TextureMap.java:125) [bpz.class:?]
	at net.minecraft.client.renderer.texture.TextureMap.func_110551_a(TextureMap.java:90) [bpz.class:?]
	at net.minecraft.client.renderer.texture.TextureManager.func_110579_a(SourceFile:72) [bqf.class:?]
	at net.minecraft.client.renderer.texture.TextureManager.func_110580_a(SourceFile:61) [bqf.class:?]
	at net.minecraft.client.renderer.texture.TextureManager.func_130088_a(SourceFile:52) [bqf.class:?]
	at net.minecraft.client.Minecraft.func_71384_a(Minecraft.java:538) [bao.class:?]
	at net.minecraft.client.Minecraft.func_99999_d(Minecraft.java:867) [bao.class:?]
	at net.minecraft.client.main.Main.main(SourceFile:148) [Main.class:?]
	at sun.reflect.NativeMethodAccessorImpl.invoke0(Native Method) ~[?:1.7.0_71]
	at sun.reflect.NativeMethodAccessorImpl.invoke(Unknown Source) ~[?:1.7.0_71]
	at sun.reflect.DelegatingMethodAccessorImpl.invoke(Unknown Source) ~[?:1.7.0_71]
	at java.lang.reflect.Method.invoke(Unknown Source) ~[?:1.7.0_71]
	at net.minecraft.launchwrapper.Launch.launch(Launch.java:135) [launchwrapper-1.11.jar:?]
	at net.minecraft.launchwrapper.Launch.main(Launch.java:28) [launchwrapper-1.11.jar:?]
[15:26:44] [Client thread/ERROR]: Using missing texture, unable to load gregtech:textures/items/gt.metaitem.01/624.png
java.io.FileNotFoundException: gregtech:textures/items/gt.metaitem.01/624.png
	at net.minecraft.client.resources.FallbackResourceManager.func_110536_a(SourceFile:51) ~[bqq.class:?]
	at net.minecraft.client.resources.SimpleReloadableResourceManager.func_110536_a(SourceFile:55) ~[brg.class:?]
	at net.minecraft.client.renderer.texture.TextureMap.func_110571_b(TextureMap.java:125) [bpz.class:?]
	at net.minecraft.client.renderer.texture.TextureMap.func_110551_a(TextureMap.java:90) [bpz.class:?]
	at net.minecraft.client.renderer.texture.TextureManager.func_110579_a(SourceFile:72) [bqf.class:?]
	at net.minecraft.client.renderer.texture.TextureManager.func_110580_a(SourceFile:61) [bqf.class:?]
	at net.minecraft.client.renderer.texture.TextureManager.func_130088_a(SourceFile:52) [bqf.class:?]
	at net.minecraft.client.Minecraft.func_71384_a(Minecraft.java:538) [bao.class:?]
	at net.minecraft.client.Minecraft.func_99999_d(Minecraft.java:867) [bao.class:?]
	at net.minecraft.client.main.Main.main(SourceFile:148) [Main.class:?]
	at sun.reflect.NativeMethodAccessorImpl.invoke0(Native Method) ~[?:1.7.0_71]
	at sun.reflect.NativeMethodAccessorImpl.invoke(Unknown Source) ~[?:1.7.0_71]
	at sun.reflect.DelegatingMethodAccessorImpl.invoke(Unknown Source) ~[?:1.7.0_71]
	at java.lang.reflect.Method.invoke(Unknown Source) ~[?:1.7.0_71]
	at net.minecraft.launchwrapper.Launch.launch(Launch.java:135) [launchwrapper-1.11.jar:?]
	at net.minecraft.launchwrapper.Launch.main(Launch.java:28) [launchwrapper-1.11.jar:?]
[15:26:44] [Client thread/INFO]: Created: 1024x512 textures/items-atlas
[15:27:17] [Client thread/INFO]: Reloading ResourceManager: Default, FMLFileResourcePack:Forge Mod Loader, FMLFileResourcePack:Minecraft Forge, FMLFileResourcePack:Not Enough Items, FMLFileResourcePack:Better Title Screen, FMLFileResourcePack:Custom Main Menu, FMLFileResourcePack:GregTech, FMLFileResourcePack:HoloInventory, FMLFileResourcePack:Hardcore Questing Mode, FMLFileResourcePack:IndustrialCraft 2, FMLFileResourcePack:Inventory Tweaks, FMLFileResourcePack:Iron Chest, FMLFileResourcePack:JABBA, FMLFileResourcePack:Lockdown, FMLFileResourcePack:MapWriter, FMLFileResourcePack:MineTweaker 3, FMLFileResourcePack:NEI Integration, FMLFileResourcePack:NotEnoughKEys, FMLFileResourcePack:Waila
[15:27:18] [Client thread/ERROR]: Using missing texture, unable to load gregtech:textures/items/gt.metaitem.01/621.png
java.io.FileNotFoundException: gregtech:textures/items/gt.metaitem.01/621.png
	at net.minecraft.client.resources.FallbackResourceManager.func_110536_a(SourceFile:51) ~[bqq.class:?]
	at net.minecraft.client.resources.SimpleReloadableResourceManager.func_110536_a(SourceFile:55) ~[brg.class:?]
	at net.minecraft.client.renderer.texture.TextureMap.func_110571_b(TextureMap.java:125) [bpz.class:?]
	at net.minecraft.client.renderer.texture.TextureMap.func_110551_a(TextureMap.java:90) [bpz.class:?]
	at net.minecraft.client.renderer.texture.TextureManager.func_110579_a(SourceFile:72) [bqf.class:?]
	at net.minecraft.client.renderer.texture.TextureManager.func_110549_a(SourceFile:136) [bqf.class:?]
	at net.minecraft.client.resources.SimpleReloadableResourceManager.func_110544_b(SourceFile:104) [brg.class:?]
	at net.minecraft.client.resources.SimpleReloadableResourceManager.func_110541_a(SourceFile:92) [brg.class:?]
	at net.minecraft.client.Minecraft.func_110436_a(Minecraft.java:598) [bao.class:?]
	at cpw.mods.fml.client.FMLClientHandler.finishMinecraftLoading(FMLClientHandler.java:303) [FMLClientHandler.class:?]
	at net.minecraft.client.Minecraft.func_71384_a(Minecraft.java:541) [bao.class:?]
	at net.minecraft.client.Minecraft.func_99999_d(Minecraft.java:867) [bao.class:?]
	at net.minecraft.client.main.Main.main(SourceFile:148) [Main.class:?]
	at sun.reflect.NativeMethodAccessorImpl.invoke0(Native Method) ~[?:1.7.0_71]
	at sun.reflect.NativeMethodAccessorImpl.invoke(Unknown Source) ~[?:1.7.0_71]
	at sun.reflect.DelegatingMethodAccessorImpl.invoke(Unknown Source) ~[?:1.7.0_71]
	at java.lang.reflect.Method.invoke(Unknown Source) ~[?:1.7.0_71]
	at net.minecraft.launchwrapper.Launch.launch(Launch.java:135) [launchwrapper-1.11.jar:?]
	at net.minecraft.launchwrapper.Launch.main(Launch.java:28) [launchwrapper-1.11.jar:?]
[15:27:18] [Client thread/ERROR]: Using missing texture, unable to load gregtech:textures/items/gt.metaitem.01/620.png
java.io.FileNotFoundException: gregtech:textures/items/gt.metaitem.01/620.png
	at net.minecraft.client.resources.FallbackResourceManager.func_110536_a(SourceFile:51) ~[bqq.class:?]
	at net.minecraft.client.resources.SimpleReloadableResourceManager.func_110536_a(SourceFile:55) ~[brg.class:?]
	at net.minecraft.client.renderer.texture.TextureMap.func_110571_b(TextureMap.java:125) [bpz.class:?]
	at net.minecraft.client.renderer.texture.TextureMap.func_110551_a(TextureMap.java:90) [bpz.class:?]
	at net.minecraft.client.renderer.texture.TextureManager.func_110579_a(SourceFile:72) [bqf.class:?]
	at net.minecraft.client.renderer.texture.TextureManager.func_110549_a(SourceFile:136) [bqf.class:?]
	at net.minecraft.client.resources.SimpleReloadableResourceManager.func_110544_b(SourceFile:104) [brg.class:?]
	at net.minecraft.client.resources.SimpleReloadableResourceManager.func_110541_a(SourceFile:92) [brg.class:?]
	at net.minecraft.client.Minecraft.func_110436_a(Minecraft.java:598) [bao.class:?]
	at cpw.mods.fml.client.FMLClientHandler.finishMinecraftLoading(FMLClientHandler.java:303) [FMLClientHandler.class:?]
	at net.minecraft.client.Minecraft.func_71384_a(Minecraft.java:541) [bao.class:?]
	at net.minecraft.client.Minecraft.func_99999_d(Minecraft.java:867) [bao.class:?]
	at net.minecraft.client.main.Main.main(SourceFile:148) [Main.class:?]
	at sun.reflect.NativeMethodAccessorImpl.invoke0(Native Method) ~[?:1.7.0_71]
	at sun.reflect.NativeMethodAccessorImpl.invoke(Unknown Source) ~[?:1.7.0_71]
	at sun.reflect.DelegatingMethodAccessorImpl.invoke(Unknown Source) ~[?:1.7.0_71]
	at java.lang.reflect.Method.invoke(Unknown Source) ~[?:1.7.0_71]
	at net.minecraft.launchwrapper.Launch.launch(Launch.java:135) [launchwrapper-1.11.jar:?]
	at net.minecraft.launchwrapper.Launch.main(Launch.java:28) [launchwrapper-1.11.jar:?]
[15:27:18] [Client thread/ERROR]: Using missing texture, unable to load gregtech:textures/items/gt.metaitem.01/623.png
java.io.FileNotFoundException: gregtech:textures/items/gt.metaitem.01/623.png
	at net.minecraft.client.resources.FallbackResourceManager.func_110536_a(SourceFile:51) ~[bqq.class:?]
	at net.minecraft.client.resources.SimpleReloadableResourceManager.func_110536_a(SourceFile:55) ~[brg.class:?]
	at net.minecraft.client.renderer.texture.TextureMap.func_110571_b(TextureMap.java:125) [bpz.class:?]
	at net.minecraft.client.renderer.texture.TextureMap.func_110551_a(TextureMap.java:90) [bpz.class:?]
	at net.minecraft.client.renderer.texture.TextureManager.func_110579_a(SourceFile:72) [bqf.class:?]
	at net.minecraft.client.renderer.texture.TextureManager.func_110549_a(SourceFile:136) [bqf.class:?]
	at net.minecraft.client.resources.SimpleReloadableResourceManager.func_110544_b(SourceFile:104) [brg.class:?]
	at net.minecraft.client.resources.SimpleReloadableResourceManager.func_110541_a(SourceFile:92) [brg.class:?]
	at net.minecraft.client.Minecraft.func_110436_a(Minecraft.java:598) [bao.class:?]
	at cpw.mods.fml.client.FMLClientHandler.finishMinecraftLoading(FMLClientHandler.java:303) [FMLClientHandler.class:?]
	at net.minecraft.client.Minecraft.func_71384_a(Minecraft.java:541) [bao.class:?]
	at net.minecraft.client.Minecraft.func_99999_d(Minecraft.java:867) [bao.class:?]
	at net.minecraft.client.main.Main.main(SourceFile:148) [Main.class:?]
	at sun.reflect.NativeMethodAccessorImpl.invoke0(Native Method) ~[?:1.7.0_71]
	at sun.reflect.NativeMethodAccessorImpl.invoke(Unknown Source) ~[?:1.7.0_71]
	at sun.reflect.DelegatingMethodAccessorImpl.invoke(Unknown Source) ~[?:1.7.0_71]
	at java.lang.reflect.Method.invoke(Unknown Source) ~[?:1.7.0_71]
	at net.minecraft.launchwrapper.Launch.launch(Launch.java:135) [launchwrapper-1.11.jar:?]
	at net.minecraft.launchwrapper.Launch.main(Launch.java:28) [launchwrapper-1.11.jar:?]
[15:27:18] [Client thread/ERROR]: Using missing texture, unable to load gregtech:textures/items/gt.metaitem.01/622.png
java.io.FileNotFoundException: gregtech:textures/items/gt.metaitem.01/622.png
	at net.minecraft.client.resources.FallbackResourceManager.func_110536_a(SourceFile:51) ~[bqq.class:?]
	at net.minecraft.client.resources.SimpleReloadableResourceManager.func_110536_a(SourceFile:55) ~[brg.class:?]
	at net.minecraft.client.renderer.texture.TextureMap.func_110571_b(TextureMap.java:125) [bpz.class:?]
	at net.minecraft.client.renderer.texture.TextureMap.func_110551_a(TextureMap.java:90) [bpz.class:?]
	at net.minecraft.client.renderer.texture.TextureManager.func_110579_a(SourceFile:72) [bqf.class:?]
	at net.minecraft.client.renderer.texture.TextureManager.func_110549_a(SourceFile:136) [bqf.class:?]
	at net.minecraft.client.resources.SimpleReloadableResourceManager.func_110544_b(SourceFile:104) [brg.class:?]
	at net.minecraft.client.resources.SimpleReloadableResourceManager.func_110541_a(SourceFile:92) [brg.class:?]
	at net.minecraft.client.Minecraft.func_110436_a(Minecraft.java:598) [bao.class:?]
	at cpw.mods.fml.client.FMLClientHandler.finishMinecraftLoading(FMLClientHandler.java:303) [FMLClientHandler.class:?]
	at net.minecraft.client.Minecraft.func_71384_a(Minecraft.java:541) [bao.class:?]
	at net.minecraft.client.Minecraft.func_99999_d(Minecraft.java:867) [bao.class:?]
	at net.minecraft.client.main.Main.main(SourceFile:148) [Main.class:?]
	at sun.reflect.NativeMethodAccessorImpl.invoke0(Native Method) ~[?:1.7.0_71]
	at sun.reflect.NativeMethodAccessorImpl.invoke(Unknown Source) ~[?:1.7.0_71]
	at sun.reflect.DelegatingMethodAccessorImpl.invoke(Unknown Source) ~[?:1.7.0_71]
	at java.lang.reflect.Method.invoke(Unknown Source) ~[?:1.7.0_71]
	at net.minecraft.launchwrapper.Launch.launch(Launch.java:135) [launchwrapper-1.11.jar:?]
	at net.minecraft.launchwrapper.Launch.main(Launch.java:28) [launchwrapper-1.11.jar:?]
[15:27:18] [Client thread/ERROR]: Using missing texture, unable to load gregtech:textures/items/gt.metaitem.01/624.png
java.io.FileNotFoundException: gregtech:textures/items/gt.metaitem.01/624.png
	at net.minecraft.client.resources.FallbackResourceManager.func_110536_a(SourceFile:51) ~[bqq.class:?]
	at net.minecraft.client.resources.SimpleReloadableResourceManager.func_110536_a(SourceFile:55) ~[brg.class:?]
	at net.minecraft.client.renderer.texture.TextureMap.func_110571_b(TextureMap.java:125) [bpz.class:?]
	at net.minecraft.client.renderer.texture.TextureMap.func_110551_a(TextureMap.java:90) [bpz.class:?]
	at net.minecraft.client.renderer.texture.TextureManager.func_110579_a(SourceFile:72) [bqf.class:?]
	at net.minecraft.client.renderer.texture.TextureManager.func_110549_a(SourceFile:136) [bqf.class:?]
	at net.minecraft.client.resources.SimpleReloadableResourceManager.func_110544_b(SourceFile:104) [brg.class:?]
	at net.minecraft.client.resources.SimpleReloadableResourceManager.func_110541_a(SourceFile:92) [brg.class:?]
	at net.minecraft.client.Minecraft.func_110436_a(Minecraft.java:598) [bao.class:?]
	at cpw.mods.fml.client.FMLClientHandler.finishMinecraftLoading(FMLClientHandler.java:303) [FMLClientHandler.class:?]
	at net.minecraft.client.Minecraft.func_71384_a(Minecraft.java:541) [bao.class:?]
	at net.minecraft.client.Minecraft.func_99999_d(Minecraft.java:867) [bao.class:?]
	at net.minecraft.client.main.Main.main(SourceFile:148) [Main.class:?]
	at sun.reflect.NativeMethodAccessorImpl.invoke0(Native Method) ~[?:1.7.0_71]
	at sun.reflect.NativeMethodAccessorImpl.invoke(Unknown Source) ~[?:1.7.0_71]
	at sun.reflect.DelegatingMethodAccessorImpl.invoke(Unknown Source) ~[?:1.7.0_71]
	at java.lang.reflect.Method.invoke(Unknown Source) ~[?:1.7.0_71]
	at net.minecraft.launchwrapper.Launch.launch(Launch.java:135) [launchwrapper-1.11.jar:?]
	at net.minecraft.launchwrapper.Launch.main(Launch.java:28) [launchwrapper-1.11.jar:?]
[15:27:19] [Client thread/INFO]: Created: 2048x1024 textures/items-atlas
[15:27:25] [Client thread/INFO]: Created: 1024x1024 textures/blocks-atlas
[15:27:27] [Sound Library Loader/INFO]: Sound engine started
[15:29:40] [Client thread/INFO]: Stopping!
