1/3/15 4:02 PM;LEFT_CLICK_BLOCK;QubicRage;DIM:0;92;81;218;|;9;8;21
1/3/15 4:02 PM;HARVEST_BLOCK;QubicRage;DIM:0;92;81;218;|;9;8;21
1/3/15 4:02 PM;LEFT_CLICK_BLOCK;QubicRage;DIM:0;91;81;218;|;9;8;21
1/3/15 4:03 PM;RIGHT_CLICK_BLOCK;QubicRage;DIM:0;96;83;229;|;9;8;22
1/3/15 4:03 PM;RIGHT_CLICK_BLOCK;QubicRage;DIM:0;96;84;229;|;9;8;22
1/3/15 4:03 PM;RIGHT_CLICK_BLOCK;QubicRage;DIM:0;97;83;229;|;9;8;22
1/3/15 4:03 PM;RIGHT_CLICK_BLOCK;QubicRage;DIM:0;98;83;229;|;9;8;22
1/3/15 4:03 PM;LEFT_CLICK_BLOCK;QubicRage;DIM:0;98;84;229;|;9;8;22
1/3/15 4:04 PM;RIGHT_CLICK_BLOCK;QubicRage;DIM:0;96;83;230;|;9;8;23
1/3/15 4:04 PM;RIGHT_CLICK_BLOCK;QubicRage;DIM:0;97;84;230;|;9;8;23
1/3/15 4:04 PM;RIGHT_CLICK_BLOCK;QubicRage;DIM:0;97;84;230;|;9;8;23
1/3/15 4:04 PM;RIGHT_CLICK_BLOCK;QubicRage;DIM:0;96;84;230;|;9;8;23
1/3/15 4:04 PM;LEFT_CLICK_BLOCK;QubicRage;DIM:0;97;84;229;|;9;8;22
1/3/15 4:04 PM;LEFT_CLICK_BLOCK;QubicRage;DIM:0;97;85;230;|;9;8;23
1/3/15 4:04 PM;RIGHT_CLICK_BLOCK;QubicRage;DIM:0;97;84;230;|;9;8;23
1/3/15 4:04 PM;RIGHT_CLICK_BLOCK;QubicRage;DIM:0;97;85;230;|;9;8;23
1/3/15 4:04 PM;RIGHT_CLICK_BLOCK;QubicRage;DIM:0;96;85;230;|;9;8;23
1/3/15 4:04 PM;LEFT_CLICK_BLOCK;QubicRage;DIM:0;97;85;230;|;9;8;23
1/3/15 4:04 PM;LEFT_CLICK_BLOCK;QubicRage;DIM:0;97;86;230;|;9;8;23
1/3/15 4:04 PM;LEFT_CLICK_BLOCK;QubicRage;DIM:0;96;86;230;|;9;8;23
1/3/15 4:04 PM;LEFT_CLICK_BLOCK;QubicRage;DIM:0;96;84;229;|;9;8;22
1/3/15 4:04 PM;RIGHT_CLICK_BLOCK;QubicRage;DIM:0;97;84;230;|;9;8;23
1/3/15 4:04 PM;RIGHT_CLICK_BLOCK;QubicRage;DIM:0;96;83;229;|;9;8;22
1/3/15 4:04 PM;RIGHT_CLICK_BLOCK;QubicRage;DIM:0;97;83;229;|;9;8;22
1/3/15 4:04 PM;RIGHT_CLICK_BLOCK;QubicRage;DIM:0;96;84;229;|;9;8;22
1/3/15 4:04 PM;RIGHT_CLICK_BLOCK;QubicRage;DIM:0;96;85;229;|;9;8;22
1/3/15 4:04 PM;RIGHT_CLICK_BLOCK;QubicRage;DIM:0;97;83;228;|;9;8;22
1/3/15 4:04 PM;RIGHT_CLICK_BLOCK;QubicRage;DIM:0;97;84;228;|;9;8;22
1/3/15 4:04 PM;RIGHT_CLICK_BLOCK;QubicRage;DIM:0;97;85;229;|;9;8;22
1/3/15 4:04 PM;LEFT_CLICK_BLOCK;QubicRage;DIM:0;98;85;229;|;9;8;22
1/3/15 4:04 PM;RIGHT_CLICK_BLOCK;QubicRage;DIM:0;97;84;228;|;9;8;22
1/3/15 4:04 PM;RIGHT_CLICK_BLOCK;QubicRage;DIM:0;97;85;229;|;9;8;22
1/3/15 4:04 PM;LEFT_CLICK_BLOCK;QubicRage;DIM:0;97;85;229;|;9;8;22
1/3/15 4:04 PM;LEFT_CLICK_BLOCK;QubicRage;DIM:0;97;84;229;|;9;8;22
1/3/15 4:04 PM;LEFT_CLICK_BLOCK;QubicRage;DIM:0;97;85;230;|;9;8;23
1/3/15 4:04 PM;LEFT_CLICK_BLOCK;QubicRage;DIM:0;97;84;230;|;9;8;23
1/3/15 4:04 PM;LEFT_CLICK_BLOCK;QubicRage;DIM:0;97;84;231;|;9;8;23
1/3/15 4:04 PM;LEFT_CLICK_BLOCK;QubicRage;DIM:0;96;84;230;|;9;8;23
1/3/15 4:04 PM;LEFT_CLICK_BLOCK;QubicRage;DIM:0;96;85;229;|;9;8;22
1/3/15 4:04 PM;LEFT_CLICK_BLOCK;QubicRage;DIM:0;96;84;229;|;9;8;22
1/3/15 4:04 PM;LEFT_CLICK_BLOCK;QubicRage;DIM:0;95;84;228;|;9;8;22
1/3/15 4:04 PM;LEFT_CLICK_BLOCK;QubicRage;DIM:0;97;84;228;|;9;8;22
1/3/15 4:04 PM;LEFT_CLICK_BLOCK;QubicRage;DIM:0;96;85;230;|;9;8;23
1/3/15 4:04 PM;RIGHT_CLICK_BLOCK;QubicRage;DIM:0;103;85;231;|;10;8;23
1/3/15 4:04 PM;RIGHT_CLICK_BLOCK;QubicRage;DIM:0;102;85;231;|;10;8;23
1/3/15 4:04 PM;RIGHT_CLICK_BLOCK;QubicRage;DIM:0;102;86;231;|;10;8;23
1/3/15 4:04 PM;RIGHT_CLICK_BLOCK;QubicRage;DIM:0;103;86;231;|;10;8;23
1/3/15 4:04 PM;RIGHT_CLICK_BLOCK;QubicRage;DIM:0;103;86;230;|;10;8;23
1/3/15 4:04 PM;RIGHT_CLICK_BLOCK;QubicRage;DIM:0;103;87;231;|;10;8;23
1/3/15 4:04 PM;RIGHT_CLICK_BLOCK;QubicRage;DIM:0;102;87;231;|;10;8;23
1/3/15 4:04 PM;RIGHT_CLICK_BLOCK;QubicRage;DIM:0;103;87;231;|;10;8;23
1/3/15 4:04 PM;RIGHT_CLICK_BLOCK;QubicRage;DIM:0;104;87;231;|;10;8;23
1/3/15 4:04 PM;RIGHT_CLICK_BLOCK;QubicRage;DIM:0;104;87;230;|;10;8;23
1/3/15 4:04 PM;LEFT_CLICK_BLOCK;QubicRage;DIM:0;105;87;230;|;10;8;23
1/3/15 4:04 PM;LEFT_CLICK_BLOCK;QubicRage;DIM:0;104;87;230;|;10;8;23
1/3/15 4:04 PM;RIGHT_CLICK_BLOCK;QubicRage;DIM:0;103;86;231;|;10;8;23
1/3/15 4:05 PM;LEFT_CLICK_BLOCK;QubicRage;DIM:0;105;86;231;|;10;8;23
1/3/15 4:05 PM;LEFT_CLICK_BLOCK;QubicRage;DIM:0;105;86;232;|;10;8;23
1/3/15 4:05 PM;RIGHT_CLICK_BLOCK;QubicRage;DIM:0;103;85;232;|;10;8;23
1/3/15 4:05 PM;RIGHT_CLICK_BLOCK;QubicRage;DIM:0;103;86;232;|;10;8;23
1/3/15 4:05 PM;RIGHT_CLICK_BLOCK;QubicRage;DIM:0;104;86;232;|;10;8;23
1/3/15 4:05 PM;LEFT_CLICK_BLOCK;QubicRage;DIM:0;105;86;232;|;10;8;23
1/3/15 4:05 PM;RIGHT_CLICK_BLOCK;QubicRage;DIM:0;102;86;231;|;10;8;23
1/3/15 4:05 PM;RIGHT_CLICK_BLOCK;QubicRage;DIM:0;102;87;231;|;10;8;23
1/3/15 4:05 PM;RIGHT_CLICK_BLOCK;QubicRage;DIM:0;103;87;231;|;10;8;23
1/3/15 4:05 PM;RIGHT_CLICK_BLOCK;QubicRage;DIM:0;103;87;232;|;10;8;23
1/3/15 4:05 PM;RIGHT_CLICK_BLOCK;QubicRage;DIM:0;103;86;230;|;10;8;23
1/3/15 4:05 PM;LEFT_CLICK_BLOCK;QubicRage;DIM:0;103;86;230;|;10;8;23
1/3/15 4:05 PM;LEFT_CLICK_BLOCK;QubicRage;DIM:0;103;86;229;|;10;8;22
1/3/15 4:05 PM;RIGHT_CLICK_BLOCK;QubicRage;DIM:0;103;85;229;|;10;8;22
1/3/15 4:05 PM;RIGHT_CLICK_BLOCK;QubicRage;DIM:0;103;85;230;|;10;8;23
1/3/15 4:05 PM;RIGHT_CLICK_BLOCK;QubicRage;DIM:0;103;86;229;|;10;8;22
1/3/15 4:06 PM;RIGHT_CLICK_BLOCK;QubicRage;DIM:0;104;86;231;|;10;8;23
1/3/15 4:06 PM;RIGHT_CLICK_BLOCK;QubicRage;DIM:0;103;86;229;|;10;8;22
1/3/15 4:06 PM;RIGHT_CLICK_BLOCK;QubicRage;DIM:0;103;86;229;|;10;8;22
1/3/15 4:06 PM;LEFT_CLICK_BLOCK;QubicRage;DIM:0;103;86;232;|;10;8;23
1/3/15 4:07 PM;LEFT_CLICK_BLOCK;QubicRage;DIM:0;104;87;232;|;10;8;23
1/3/15 4:07 PM;RIGHT_CLICK_BLOCK;QubicRage;DIM:0;103;86;229;|;10;8;22
1/3/15 4:07 PM;RIGHT_CLICK_BLOCK;QubicRage;DIM:0;104;87;231;|;10;8;23
1/3/15 4:07 PM;RIGHT_CLICK_BLOCK;QubicRage;DIM:0;103;86;229;|;10;8;22
1/3/15 4:07 PM;RIGHT_CLICK_BLOCK;QubicRage;DIM:0;103;86;229;|;10;8;22
1/3/15 4:07 PM;RIGHT_CLICK_BLOCK;QubicRage;DIM:0;103;86;229;|;10;8;22
1/3/15 4:07 PM;RIGHT_CLICK_BLOCK;QubicRage;DIM:0;103;86;229;|;10;8;22
1/3/15 4:07 PM;RIGHT_CLICK_BLOCK;QubicRage;DIM:0;103;86;229;|;10;8;22
1/3/15 4:07 PM;RIGHT_CLICK_BLOCK;QubicRage;DIM:0;104;87;231;|;10;8;23
1/3/15 4:07 PM;RIGHT_CLICK_BLOCK;QubicRage;DIM:0;104;85;229;|;10;8;22
1/3/15 4:07 PM;RIGHT_CLICK_BLOCK;QubicRage;DIM:0;105;85;228;|;10;8;22
1/3/15 4:07 PM;RIGHT_CLICK_BLOCK;QubicRage;DIM:0;105;86;228;|;10;8;22
1/3/15 4:07 PM;LEFT_CLICK_BLOCK;QubicRage;DIM:0;105;86;228;|;10;8;22
1/3/15 4:07 PM;RIGHT_CLICK_BLOCK;QubicRage;DIM:0;105;85;228;|;10;8;22
1/3/15 4:07 PM;RIGHT_CLICK_BLOCK;QubicRage;DIM:0;106;86;229;|;10;8;22
1/3/15 4:07 PM;RIGHT_CLICK_BLOCK;QubicRage;DIM:0;105;85;229;|;10;8;22
1/3/15 4:07 PM;RIGHT_CLICK_BLOCK;QubicRage;DIM:0;105;85;230;|;10;8;23
1/3/15 4:07 PM;RIGHT_CLICK_BLOCK;QubicRage;DIM:0;106;86;230;|;10;8;23
1/3/15 4:07 PM;RIGHT_CLICK_BLOCK;QubicRage;DIM:0;106;86;231;|;10;8;23
1/3/15 4:08 PM;LEFT_CLICK_BLOCK;QubicRage;DIM:0;102;87;232;|;10;8;23
1/3/15 4:08 PM;LEFT_CLICK_BLOCK;QubicRage;DIM:0;103;87;232;|;10;8;23
1/3/15 4:08 PM;LEFT_CLICK_BLOCK;QubicRage;DIM:0;103;86;231;|;10;8;23
1/3/15 4:08 PM;LEFT_CLICK_BLOCK;QubicRage;DIM:0;102;87;231;|;10;8;23
1/3/15 4:08 PM;LEFT_CLICK_BLOCK;QubicRage;DIM:0;102;86;231;|;10;8;23
1/3/15 4:08 PM;LEFT_CLICK_BLOCK;QubicRage;DIM:0;102;86;232;|;10;8;23
1/3/15 4:08 PM;LEFT_CLICK_BLOCK;QubicRage;DIM:0;104;86;231;|;10;8;23
1/3/15 4:08 PM;LEFT_CLICK_BLOCK;QubicRage;DIM:0;104;86;232;|;10;8;23
1/3/15 4:08 PM;LEFT_CLICK_BLOCK;QubicRage;DIM:0;103;87;231;|;10;8;23
1/3/15 4:08 PM;LEFT_CLICK_BLOCK;QubicRage;DIM:0;104;87;231;|;10;8;23
1/3/15 4:08 PM;LEFT_CLICK_BLOCK;QubicRage;DIM:0;103;86;230;|;10;8;23
1/3/15 4:08 PM;LEFT_CLICK_BLOCK;QubicRage;DIM:0;103;86;229;|;10;8;22
1/3/15 4:08 PM;LEFT_CLICK_BLOCK;QubicRage;DIM:0;107;92;230;|;10;9;23
1/3/15 4:08 PM;LEFT_CLICK_BLOCK;QubicRage;DIM:0;108;92;230;|;10;9;23
1/3/15 4:08 PM;LEFT_CLICK_BLOCK;QubicRage;DIM:0;108;91;230;|;10;9;23
1/3/15 4:08 PM;LEFT_CLICK_BLOCK;QubicRage;DIM:0;107;92;229;|;10;9;22
1/3/15 4:08 PM;LEFT_CLICK_BLOCK;QubicRage;DIM:0;106;92;230;|;10;9;23
1/3/15 4:08 PM;LEFT_CLICK_BLOCK;QubicRage;DIM:0;107;91;230;|;10;9;23
1/3/15 4:08 PM;LEFT_CLICK_BLOCK;QubicRage;DIM:0;107;91;229;|;10;9;22
1/3/15 4:08 PM;LEFT_CLICK_BLOCK;QubicRage;DIM:0;107;90;230;|;10;9;23
1/3/15 4:08 PM;LEFT_CLICK_BLOCK;QubicRage;DIM:0;107;89;230;|;10;8;23
1/3/15 4:08 PM;LEFT_CLICK_BLOCK;QubicRage;DIM:0;107;88;230;|;10;8;23
1/3/15 4:08 PM;LEFT_CLICK_BLOCK;QubicRage;DIM:0;107;87;230;|;10;8;23
1/3/15 4:08 PM;LEFT_CLICK_BLOCK;QubicRage;DIM:0;107;86;230;|;10;8;23
1/3/15 4:08 PM;RIGHT_CLICK_BLOCK;QubicRage;DIM:0;107;85;230;|;10;8;23
1/3/15 4:08 PM;RIGHT_CLICK_BLOCK;QubicRage;DIM:0;105;85;231;|;10;8;23
1/3/15 4:08 PM;RIGHT_CLICK_BLOCK;QubicRage;DIM:0;105;86;231;|;10;8;23
1/3/15 4:08 PM;LEFT_CLICK_BLOCK;QubicRage;DIM:0;105;87;231;|;10;8;23
1/3/15 4:08 PM;LEFT_CLICK_BLOCK;QubicRage;DIM:0;105;86;231;|;10;8;23
1/3/15 4:09 PM;LEFT_CLICK_BLOCK;QubicRage;DIM:0;92;94;233;|;9;9;23
1/3/15 4:09 PM;LEFT_CLICK_BLOCK;QubicRage;DIM:0;92;93;233;|;9;9;23
1/3/15 4:09 PM;LEFT_CLICK_BLOCK;QubicRage;DIM:0;92;92;233;|;9;9;23
1/3/15 4:09 PM;LEFT_CLICK_BLOCK;QubicRage;DIM:0;92;91;233;|;9;9;23
1/3/15 4:09 PM;LEFT_CLICK_BLOCK;QubicRage;DIM:0;92;90;233;|;9;9;23
1/3/15 4:09 PM;LEFT_CLICK_BLOCK;QubicRage;DIM:0;92;89;233;|;9;8;23
1/3/15 4:09 PM;LEFT_CLICK_BLOCK;QubicRage;DIM:0;91;90;233;|;9;9;23
1/3/15 4:09 PM;LEFT_CLICK_BLOCK;QubicRage;DIM:0;92;88;233;|;9;8;23
1/3/15 4:09 PM;LEFT_CLICK_BLOCK;QubicRage;DIM:0;92;87;233;|;9;8;23
1/3/15 4:09 PM;LEFT_CLICK_BLOCK;QubicRage;DIM:0;92;86;233;|;9;8;23
1/3/15 4:09 PM;LEFT_CLICK_BLOCK;QubicRage;DIM:0;92;85;233;|;9;8;23
1/3/15 4:09 PM;LEFT_CLICK_BLOCK;QubicRage;DIM:0;92;84;233;|;9;8;23
1/3/15 4:09 PM;LEFT_CLICK_BLOCK;QubicRage;DIM:0;92;83;233;|;9;8;23
1/3/15 4:09 PM;LEFT_CLICK_BLOCK;QubicRage;DIM:0;92;82;233;|;9;8;23
1/3/15 4:09 PM;LEFT_CLICK_BLOCK;QubicRage;DIM:0;97;84;234;|;9;8;23
1/3/15 4:09 PM;LEFT_CLICK_BLOCK;QubicRage;DIM:0;97;85;234;|;9;8;23
1/3/15 4:09 PM;LEFT_CLICK_BLOCK;QubicRage;DIM:0;97;86;234;|;9;8;23
1/3/15 4:09 PM;LEFT_CLICK_BLOCK;QubicRage;DIM:0;96;85;234;|;9;8;23
1/3/15 4:09 PM;LEFT_CLICK_BLOCK;QubicRage;DIM:0;98;86;234;|;9;8;23
1/3/15 4:09 PM;LEFT_CLICK_BLOCK;QubicRage;DIM:0;97;87;234;|;9;8;23
1/3/15 4:09 PM;LEFT_CLICK_BLOCK;QubicRage;DIM:0;96;86;234;|;9;8;23
1/3/15 4:09 PM;LEFT_CLICK_BLOCK;QubicRage;DIM:0;98;87;234;|;9;8;23
1/3/15 4:09 PM;LEFT_CLICK_BLOCK;QubicRage;DIM:0;98;88;234;|;9;8;23
1/3/15 4:09 PM;LEFT_CLICK_BLOCK;QubicRage;DIM:0;98;85;234;|;9;8;23
1/3/15 4:09 PM;LEFT_CLICK_BLOCK;QubicRage;DIM:0;99;85;234;|;9;8;23
1/3/15 4:09 PM;LEFT_CLICK_BLOCK;QubicRage;DIM:0;99;86;234;|;9;8;23
1/3/15 4:09 PM;LEFT_CLICK_BLOCK;QubicRage;DIM:0;111;93;229;|;11;9;22
1/3/15 4:09 PM;LEFT_CLICK_BLOCK;QubicRage;DIM:0;111;93;230;|;11;9;23
1/3/15 4:09 PM;LEFT_CLICK_BLOCK;QubicRage;DIM:0;111;92;230;|;11;9;23
1/3/15 4:09 PM;LEFT_CLICK_BLOCK;QubicRage;DIM:0;111;92;229;|;11;9;22
1/3/15 4:09 PM;LEFT_CLICK_BLOCK;QubicRage;DIM:0;111;91;229;|;11;9;22
1/3/15 4:09 PM;LEFT_CLICK_BLOCK;QubicRage;DIM:0;110;93;229;|;11;9;22
1/3/15 4:09 PM;LEFT_CLICK_BLOCK;QubicRage;DIM:0;110;92;229;|;11;9;22
1/3/15 4:09 PM;LEFT_CLICK_BLOCK;QubicRage;DIM:0;111;90;229;|;11;9;22
1/3/15 4:09 PM;LEFT_CLICK_BLOCK;QubicRage;DIM:0;112;90;229;|;11;9;22
1/3/15 4:09 PM;LEFT_CLICK_BLOCK;QubicRage;DIM:0;112;91;229;|;11;9;22
1/3/15 4:09 PM;LEFT_CLICK_BLOCK;QubicRage;DIM:0;111;89;229;|;11;8;22
1/3/15 4:09 PM;LEFT_CLICK_BLOCK;QubicRage;DIM:0;111;88;229;|;11;8;22
1/3/15 4:09 PM;LEFT_CLICK_BLOCK;QubicRage;DIM:0;113;89;232;|;11;8;23
1/3/15 4:09 PM;LEFT_CLICK_BLOCK;QubicRage;DIM:0;113;89;233;|;11;8;23
1/3/15 4:09 PM;LEFT_CLICK_BLOCK;QubicRage;DIM:0;112;89;232;|;11;8;23
1/3/15 4:09 PM;LEFT_CLICK_BLOCK;QubicRage;DIM:0;111;89;232;|;11;8;23
1/3/15 4:09 PM;LEFT_CLICK_BLOCK;QubicRage;DIM:0;111;88;232;|;11;8;23
1/3/15 4:09 PM;LEFT_CLICK_BLOCK;QubicRage;DIM:0;111;89;233;|;11;8;23
1/3/15 4:09 PM;LEFT_CLICK_BLOCK;QubicRage;DIM:0;112;89;233;|;11;8;23
1/3/15 4:09 PM;LEFT_CLICK_BLOCK;QubicRage;DIM:0;112;88;233;|;11;8;23
1/3/15 4:09 PM;LEFT_CLICK_BLOCK;QubicRage;DIM:0;111;88;233;|;11;8;23
1/3/15 4:09 PM;LEFT_CLICK_BLOCK;QubicRage;DIM:0;111;88;234;|;11;8;23
1/3/15 4:09 PM;LEFT_CLICK_BLOCK;QubicRage;DIM:0;111;88;235;|;11;8;23
1/3/15 4:09 PM;LEFT_CLICK_BLOCK;QubicRage;DIM:0;111;89;234;|;11;8;23
1/3/15 4:09 PM;LEFT_CLICK_BLOCK;QubicRage;DIM:0;111;89;235;|;11;8;23
1/3/15 4:09 PM;LEFT_CLICK_BLOCK;QubicRage;DIM:0;111;90;233;|;11;9;23
1/3/15 4:09 PM;LEFT_CLICK_BLOCK;QubicRage;DIM:0;111;90;234;|;11;9;23
1/3/15 4:09 PM;LEFT_CLICK_BLOCK;QubicRage;DIM:0;111;87;234;|;11;8;23
1/3/15 4:09 PM;LEFT_CLICK_BLOCK;QubicRage;DIM:0;111;86;234;|;11;8;23
1/3/15 4:09 PM;RIGHT_CLICK_BLOCK;QubicRage;DIM:0;111;86;235;|;11;8;23
1/3/15 4:09 PM;LEFT_CLICK_BLOCK;QubicRage;DIM:0;112;88;234;|;11;8;23
1/3/15 4:09 PM;LEFT_CLICK_BLOCK;QubicRage;DIM:0;113;88;234;|;11;8;23
1/3/15 4:09 PM;LEFT_CLICK_BLOCK;QubicRage;DIM:0;114;88;234;|;11;8;23
1/3/15 4:09 PM;LEFT_CLICK_BLOCK;QubicRage;DIM:0;115;88;234;|;11;8;23
1/3/15 4:09 PM;LEFT_CLICK_BLOCK;QubicRage;DIM:0;114;88;235;|;11;8;23
1/3/15 4:09 PM;LEFT_CLICK_BLOCK;QubicRage;DIM:0;115;88;235;|;11;8;23
1/3/15 4:09 PM;LEFT_CLICK_BLOCK;QubicRage;DIM:0;116;88;235;|;11;8;23
1/3/15 4:09 PM;LEFT_CLICK_BLOCK;QubicRage;DIM:0;117;88;235;|;11;8;23
1/3/15 4:09 PM;LEFT_CLICK_BLOCK;QubicRage;DIM:0;117;88;236;|;11;8;23
1/3/15 4:09 PM;LEFT_CLICK_BLOCK;QubicRage;DIM:0;118;88;236;|;11;8;23
1/3/15 4:09 PM;LEFT_CLICK_BLOCK;QubicRage;DIM:0;116;87;235;|;11;8;23
1/3/15 4:09 PM;LEFT_CLICK_BLOCK;QubicRage;DIM:0;116;89;235;|;11;8;23
1/3/15 4:09 PM;LEFT_CLICK_BLOCK;QubicRage;DIM:0;115;89;235;|;11;8;23
1/3/15 4:09 PM;LEFT_CLICK_BLOCK;QubicRage;DIM:0;116;90;235;|;11;9;23
1/3/15 4:09 PM;LEFT_CLICK_BLOCK;QubicRage;DIM:0;116;91;235;|;11;9;23
1/3/15 4:09 PM;LEFT_CLICK_BLOCK;QubicRage;DIM:0;117;89;235;|;11;8;23
1/3/15 4:09 PM;LEFT_CLICK_BLOCK;QubicRage;DIM:0;119;88;236;|;11;8;23
1/3/15 4:09 PM;LEFT_CLICK_BLOCK;QubicRage;DIM:0;117;87;236;|;11;8;23
1/3/15 4:09 PM;LEFT_CLICK_BLOCK;QubicRage;DIM:0;119;85;237;|;11;8;23
1/3/15 4:09 PM;LEFT_CLICK_BLOCK;QubicRage;DIM:0;116;88;236;|;11;8;23
1/3/15 4:09 PM;LEFT_CLICK_BLOCK;QubicRage;DIM:0;118;87;236;|;11;8;23
1/3/15 4:09 PM;LEFT_CLICK_BLOCK;QubicRage;DIM:0;118;88;237;|;11;8;23
1/3/15 4:09 PM;LEFT_CLICK_BLOCK;QubicRage;DIM:0;119;88;237;|;11;8;23
1/3/15 4:09 PM;LEFT_CLICK_BLOCK;QubicRage;DIM:0;117;88;237;|;11;8;23
1/3/15 4:09 PM;LEFT_CLICK_BLOCK;QubicRage;DIM:0;117;87;237;|;11;8;23
1/3/15 4:09 PM;LEFT_CLICK_BLOCK;QubicRage;DIM:0;118;87;237;|;11;8;23
1/3/15 4:09 PM;LEFT_CLICK_BLOCK;QubicRage;DIM:0;119;87;237;|;11;8;23
1/3/15 4:09 PM;LEFT_CLICK_BLOCK;QubicRage;DIM:0;119;86;237;|;11;8;23
1/3/15 4:10 PM;LEFT_CLICK_BLOCK;QubicRage;DIM:0;95;85;226;|;9;8;22
1/3/15 4:10 PM;LEFT_CLICK_BLOCK;QubicRage;DIM:0;95;84;226;|;9;8;22
1/3/15 4:10 PM;LEFT_CLICK_BLOCK;QubicRage;DIM:0;95;84;225;|;9;8;22
1/3/15 4:10 PM;LEFT_CLICK_BLOCK;QubicRage;DIM:0;95;85;225;|;9;8;22
1/3/15 4:10 PM;LEFT_CLICK_BLOCK;QubicRage;DIM:0;94;84;225;|;9;8;22
1/3/15 4:10 PM;RIGHT_CLICK_BLOCK;QubicRage;DIM:0;94;85;225;|;9;8;22
1/3/15 4:10 PM;LEFT_CLICK_BLOCK;QubicRage;DIM:0;94;85;225;|;9;8;22
1/3/15 4:10 PM;LEFT_CLICK_BLOCK;QubicRage;DIM:0;93;85;225;|;9;8;22
1/3/15 4:10 PM;LEFT_CLICK_BLOCK;QubicRage;DIM:0;94;84;226;|;9;8;22
1/3/15 4:10 PM;LEFT_CLICK_BLOCK;QubicRage;DIM:0;93;83;225;|;9;8;22
1/3/15 4:10 PM;LEFT_CLICK_BLOCK;QubicRage;DIM:0;93;82;225;|;9;8;22
1/3/15 4:10 PM;LEFT_CLICK_BLOCK;QubicRage;DIM:0;93;84;225;|;9;8;22
1/3/15 4:10 PM;LEFT_CLICK_BLOCK;QubicRage;DIM:0;93;85;224;|;9;8;22
1/3/15 4:10 PM;LEFT_CLICK_BLOCK;QubicRage;DIM:0;92;85;225;|;9;8;22
1/3/15 4:10 PM;LEFT_CLICK_BLOCK;QubicRage;DIM:0;93;86;225;|;9;8;22
1/3/15 4:10 PM;LEFT_CLICK_BLOCK;QubicRage;DIM:0;92;86;225;|;9;8;22
1/3/15 4:10 PM;LEFT_CLICK_BLOCK;QubicRage;DIM:0;90;83;231;|;9;8;23
1/3/15 4:10 PM;LEFT_CLICK_BLOCK;QubicRage;DIM:0;89;83;232;|;8;8;23
1/3/15 4:10 PM;LEFT_CLICK_BLOCK;QubicRage;DIM:0;90;82;231;|;9;8;23
1/3/15 4:10 PM;LEFT_CLICK_BLOCK;QubicRage;DIM:0;90;84;231;|;9;8;23
1/3/15 4:10 PM;LEFT_CLICK_BLOCK;QubicRage;DIM:0;90;85;231;|;9;8;23
1/3/15 4:10 PM;LEFT_CLICK_BLOCK;QubicRage;DIM:0;90;86;231;|;9;8;23
1/3/15 4:11 PM;LEFT_CLICK_BLOCK;QubicRage;DIM:0;90;86;232;|;9;8;23
1/3/15 4:11 PM;LEFT_CLICK_BLOCK;QubicRage;DIM:0;106;86;232;|;10;8;23
1/3/15 4:11 PM;LEFT_CLICK_BLOCK;QubicRage;DIM:0;106;85;232;|;10;8;23
1/3/15 4:11 PM;LEFT_CLICK_BLOCK;QubicRage;DIM:0;106;84;232;|;10;8;23
1/3/15 4:11 PM;LEFT_CLICK_BLOCK;QubicRage;DIM:0;107;84;232;|;10;8;23
1/3/15 4:11 PM;LEFT_CLICK_BLOCK;QubicRage;DIM:0;106;83;232;|;10;8;23
1/3/15 4:11 PM;LEFT_CLICK_BLOCK;QubicRage;DIM:0;106;82;232;|;10;8;23
1/3/15 4:11 PM;LEFT_CLICK_BLOCK;QubicRage;DIM:0;106;81;232;|;10;8;23
1/3/15 4:11 PM;LEFT_CLICK_BLOCK;QubicRage;DIM:0;106;80;232;|;10;8;23
1/3/15 4:11 PM;LEFT_CLICK_BLOCK;QubicRage;DIM:0;106;79;232;|;10;7;23
1/3/15 4:11 PM;LEFT_CLICK_BLOCK;QubicRage;DIM:0;106;78;232;|;10;7;23
1/3/15 4:11 PM;LEFT_CLICK_BLOCK;QubicRage;DIM:0;106;77;232;|;10;7;23
1/3/15 4:11 PM;LEFT_CLICK_BLOCK;QubicRage;DIM:0;106;76;232;|;10;7;23
1/3/15 4:11 PM;LEFT_CLICK_BLOCK;QubicRage;DIM:0;106;75;232;|;10;7;23
1/3/15 4:11 PM;LEFT_CLICK_BLOCK;QubicRage;DIM:0;106;74;232;|;10;7;23
1/3/15 4:11 PM;LEFT_CLICK_BLOCK;QubicRage;DIM:0;106;73;232;|;10;7;23
1/3/15 4:11 PM;LEFT_CLICK_BLOCK;QubicRage;DIM:0;106;72;232;|;10;7;23
1/3/15 4:11 PM;LEFT_CLICK_BLOCK;QubicRage;DIM:0;106;71;232;|;10;7;23
1/3/15 4:11 PM;LEFT_CLICK_BLOCK;QubicRage;DIM:0;106;70;232;|;10;7;23
1/3/15 4:11 PM;LEFT_CLICK_BLOCK;QubicRage;DIM:0;106;69;232;|;10;6;23
1/3/15 4:11 PM;LEFT_CLICK_BLOCK;QubicRage;DIM:0;106;68;232;|;10;6;23
1/3/15 4:11 PM;LEFT_CLICK_BLOCK;QubicRage;DIM:0;106;67;232;|;10;6;23
1/3/15 4:11 PM;LEFT_CLICK_BLOCK;QubicRage;DIM:0;106;66;232;|;10;6;23
1/3/15 4:11 PM;RIGHT_CLICK_BLOCK;QubicRage;DIM:0;106;65;232;|;10;6;23
1/3/15 4:11 PM;RIGHT_CLICK_BLOCK;QubicRage;DIM:0;106;66;232;|;10;6;23
1/3/15 4:11 PM;RIGHT_CLICK_BLOCK;QubicRage;DIM:0;106;67;232;|;10;6;23
1/3/15 4:11 PM;RIGHT_CLICK_BLOCK;QubicRage;DIM:0;106;68;232;|;10;6;23
1/3/15 4:11 PM;RIGHT_CLICK_BLOCK;QubicRage;DIM:0;106;69;232;|;10;6;23
1/3/15 4:11 PM;RIGHT_CLICK_BLOCK;QubicRage;DIM:0;106;70;232;|;10;7;23
1/3/15 4:11 PM;RIGHT_CLICK_BLOCK;QubicRage;DIM:0;106;71;232;|;10;7;23
1/3/15 4:11 PM;RIGHT_CLICK_BLOCK;QubicRage;DIM:0;106;72;232;|;10;7;23
1/3/15 4:11 PM;RIGHT_CLICK_BLOCK;QubicRage;DIM:0;106;73;232;|;10;7;23
1/3/15 4:11 PM;RIGHT_CLICK_BLOCK;QubicRage;DIM:0;106;74;232;|;10;7;23
1/3/15 4:11 PM;RIGHT_CLICK_BLOCK;QubicRage;DIM:0;106;75;232;|;10;7;23
1/3/15 4:11 PM;RIGHT_CLICK_BLOCK;QubicRage;DIM:0;106;76;232;|;10;7;23
1/3/15 4:11 PM;RIGHT_CLICK_BLOCK;QubicRage;DIM:0;106;77;232;|;10;7;23
1/3/15 4:11 PM;RIGHT_CLICK_BLOCK;QubicRage;DIM:0;106;78;232;|;10;7;23
1/3/15 4:11 PM;RIGHT_CLICK_BLOCK;QubicRage;DIM:0;106;79;232;|;10;7;23
1/3/15 4:12 PM;RIGHT_CLICK_BLOCK;QubicRage;DIM:0;106;80;232;|;10;8;23
1/3/15 4:12 PM;RIGHT_CLICK_BLOCK;QubicRage;DIM:0;106;81;232;|;10;8;23
1/3/15 4:12 PM;RIGHT_CLICK_BLOCK;QubicRage;DIM:0;106;82;232;|;10;8;23
1/3/15 4:12 PM;RIGHT_CLICK_BLOCK;QubicRage;DIM:0;106;83;232;|;10;8;23
1/3/15 4:12 PM;RIGHT_CLICK_BLOCK;QubicRage;DIM:0;106;84;232;|;10;8;23
1/3/15 4:12 PM;RIGHT_CLICK_BLOCK;QubicRage;DIM:0;106;85;232;|;10;8;23
1/3/15 4:12 PM;RIGHT_CLICK_BLOCK;QubicRage;DIM:0;106;86;232;|;10;8;23
1/3/15 4:12 PM;RIGHT_CLICK_BLOCK;QubicRage;DIM:0;106;87;232;|;10;8;23
1/3/15 4:12 PM;RIGHT_CLICK_BLOCK;QubicRage;DIM:0;106;88;232;|;10;8;23
1/3/15 4:12 PM;RIGHT_CLICK_BLOCK;QubicRage;DIM:0;106;89;232;|;10;8;23
1/3/15 4:12 PM;RIGHT_CLICK_BLOCK;QubicRage;DIM:0;106;90;232;|;10;9;23
1/3/15 4:12 PM;LEFT_CLICK_BLOCK;QubicRage;DIM:0;106;91;232;|;10;9;23
1/3/15 4:12 PM;LEFT_CLICK_BLOCK;QubicRage;DIM:0;106;90;232;|;10;9;23
1/3/15 4:12 PM;LEFT_CLICK_BLOCK;QubicRage;DIM:0;106;88;232;|;10;8;23
1/3/15 4:12 PM;LEFT_CLICK_BLOCK;QubicRage;DIM:0;106;89;232;|;10;8;23
1/3/15 4:12 PM;RIGHT_CLICK_BLOCK;QubicRage;DIM:0;105;85;232;|;10;8;23
1/3/15 4:12 PM;RIGHT_CLICK_BLOCK;QubicRage;DIM:0;106;85;233;|;10;8;23
1/3/15 4:12 PM;RIGHT_CLICK_BLOCK;QubicRage;DIM:0;105;85;233;|;10;8;23
1/3/15 4:12 PM;RIGHT_CLICK_BLOCK;QubicRage;DIM:0;105;86;233;|;10;8;23
1/3/15 4:12 PM;RIGHT_CLICK_BLOCK;QubicRage;DIM:0;104;86;233;|;10;8;23
1/3/15 4:12 PM;RIGHT_CLICK_BLOCK;QubicRage;DIM:0;104;85;232;|;10;8;23
1/3/15 4:12 PM;RIGHT_CLICK_BLOCK;QubicRage;DIM:0;105;85;231;|;10;8;23
1/3/15 4:12 PM;RIGHT_CLICK_BLOCK;QubicRage;DIM:0;106;86;231;|;10;8;23
1/3/15 4:12 PM;LEFT_CLICK_BLOCK;QubicRage;DIM:0;104;87;233;|;10;8;23
1/3/15 4:12 PM;RIGHT_CLICK_BLOCK;QubicRage;DIM:0;107;85;234;|;10;8;23
1/3/15 4:12 PM;RIGHT_CLICK_BLOCK;QubicRage;DIM:0;106;85;234;|;10;8;23
1/3/15 4:12 PM;LEFT_CLICK_BLOCK;QubicRage;DIM:0;107;87;231;|;10;8;23
1/3/15 4:12 PM;RIGHT_CLICK_BLOCK;QubicRage;DIM:0;107;86;231;|;10;8;23
1/3/15 4:12 PM;RIGHT_CLICK_BLOCK;QubicRage;DIM:0;107;87;231;|;10;8;23
1/3/15 4:12 PM;RIGHT_CLICK_BLOCK;QubicRage;DIM:0;107;86;232;|;10;8;23
1/3/15 4:12 PM;RIGHT_CLICK_BLOCK;QubicRage;DIM:0;108;86;232;|;10;8;23
1/3/15 4:12 PM;RIGHT_CLICK_BLOCK;QubicRage;DIM:0;107;86;233;|;10;8;23
1/3/15 4:12 PM;RIGHT_CLICK_BLOCK;QubicRage;DIM:0;108;87;232;|;10;8;23
1/3/15 4:12 PM;RIGHT_CLICK_BLOCK;QubicRage;DIM:0;108;88;232;|;10;8;23
1/3/15 4:12 PM;LEFT_CLICK_BLOCK;QubicRage;DIM:0;108;88;233;|;10;8;23
1/3/15 4:12 PM;RIGHT_CLICK_BLOCK;QubicRage;DIM:0;109;87;232;|;10;8;23
1/3/15 4:12 PM;RIGHT_CLICK_BLOCK;QubicRage;DIM:0;109;87;233;|;10;8;23
1/3/15 4:12 PM;LEFT_CLICK_BLOCK;QubicRage;DIM:0;109;89;233;|;10;8;23
1/3/15 4:12 PM;LEFT_CLICK_BLOCK;QubicRage;DIM:0;110;89;232;|;11;8;23
1/3/15 4:12 PM;LEFT_CLICK_BLOCK;QubicRage;DIM:0;109;87;232;|;10;8;23
1/3/15 4:12 PM;RIGHT_CLICK_BLOCK;QubicRage;DIM:0;109;86;232;|;10;8;23
1/3/15 4:12 PM;LEFT_CLICK_BLOCK;QubicRage;DIM:0;109;87;231;|;10;8;23
1/3/15 4:12 PM;RIGHT_CLICK_BLOCK;QubicRage;DIM:0;109;86;231;|;10;8;23
1/3/15 4:12 PM;LEFT_CLICK_BLOCK;QubicRage;DIM:0;109;87;230;|;10;8;23
1/3/15 4:12 PM;RIGHT_CLICK_BLOCK;QubicRage;DIM:0;108;86;230;|;10;8;23
1/3/15 4:12 PM;RIGHT_CLICK_BLOCK;QubicRage;DIM:0;106;86;230;|;10;8;23
1/3/15 4:12 PM;LEFT_CLICK_BLOCK;QubicRage;DIM:0;106;87;230;|;10;8;23
1/3/15 4:12 PM;RIGHT_CLICK_BLOCK;QubicRage;DIM:0;106;86;230;|;10;8;23
1/3/15 4:12 PM;LEFT_CLICK_BLOCK;QubicRage;DIM:0;106;87;230;|;10;8;23
1/3/15 4:12 PM;LEFT_CLICK_BLOCK;QubicRage;DIM:0;108;87;230;|;10;8;23
1/3/15 4:12 PM;RIGHT_CLICK_BLOCK;QubicRage;DIM:0;108;86;230;|;10;8;23
1/3/15 4:12 PM;LEFT_CLICK_BLOCK;QubicRage;DIM:0;108;87;230;|;10;8;23
1/3/15 4:12 PM;RIGHT_CLICK_BLOCK;QubicRage;DIM:0;107;86;230;|;10;8;23
1/3/15 4:12 PM;RIGHT_CLICK_BLOCK;QubicRage;DIM:0;107;87;230;|;10;8;23
1/3/15 4:12 PM;RIGHT_CLICK_BLOCK;QubicRage;DIM:0;108;87;230;|;10;8;23
1/3/15 4:12 PM;LEFT_CLICK_BLOCK;QubicRage;DIM:0;109;87;230;|;10;8;23
1/3/15 4:12 PM;RIGHT_CLICK_BLOCK;QubicRage;DIM:0;108;87;231;|;10;8;23
1/3/15 4:12 PM;RIGHT_CLICK_BLOCK;QubicRage;DIM:0;108;88;232;|;10;8;23
1/3/15 4:12 PM;RIGHT_CLICK_BLOCK;QubicRage;DIM:0;110;87;231;|;11;8;23
1/3/15 4:12 PM;RIGHT_CLICK_BLOCK;QubicRage;DIM:0;111;87;231;|;11;8;23
1/3/15 4:12 PM;LEFT_CLICK_BLOCK;QubicRage;DIM:0;101;89;237;|;10;8;23
1/3/15 4:12 PM;LEFT_CLICK_BLOCK;QubicRage;DIM:0;101;88;237;|;10;8;23
1/3/15 4:12 PM;LEFT_CLICK_BLOCK;QubicRage;DIM:0;101;87;237;|;10;8;23
1/3/15 4:12 PM;LEFT_CLICK_BLOCK;QubicRage;DIM:0;101;86;237;|;10;8;23
1/3/15 4:12 PM;LEFT_CLICK_BLOCK;QubicRage;DIM:0;101;85;237;|;10;8;23
1/3/15 4:12 PM;LEFT_CLICK_BLOCK;QubicRage;DIM:0;101;84;237;|;10;8;23
1/3/15 4:12 PM;LEFT_CLICK_BLOCK;QubicRage;DIM:0;103;85;240;|;10;8;24
1/3/15 4:12 PM;LEFT_CLICK_BLOCK;QubicRage;DIM:0;103;84;240;|;10;8;24
1/3/15 4:12 PM;LEFT_CLICK_BLOCK;QubicRage;DIM:0;103;86;240;|;10;8;24
1/3/15 4:12 PM;LEFT_CLICK_BLOCK;QubicRage;DIM:0;103;87;240;|;10;8;24
1/3/15 4:12 PM;LEFT_CLICK_BLOCK;QubicRage;DIM:0;103;88;240;|;10;8;24
1/3/15 4:12 PM;LEFT_CLICK_BLOCK;QubicRage;DIM:0;103;89;240;|;10;8;24
1/3/15 4:12 PM;LEFT_CLICK_BLOCK;QubicRage;DIM:0;103;90;240;|;10;9;24
1/3/15 4:12 PM;LEFT_CLICK_BLOCK;QubicRage;DIM:0;110;84;239;|;11;8;23
1/3/15 4:12 PM;LEFT_CLICK_BLOCK;QubicRage;DIM:0;110;85;239;|;11;8;23
1/3/15 4:12 PM;LEFT_CLICK_BLOCK;QubicRage;DIM:0;110;86;239;|;11;8;23
1/3/15 4:12 PM;LEFT_CLICK_BLOCK;QubicRage;DIM:0;110;87;239;|;11;8;23
1/3/15 4:12 PM;LEFT_CLICK_BLOCK;QubicRage;DIM:0;109;87;239;|;10;8;23
1/3/15 4:12 PM;LEFT_CLICK_BLOCK;QubicRage;DIM:0;109;88;239;|;10;8;23
1/3/15 4:12 PM;LEFT_CLICK_BLOCK;QubicRage;DIM:0;109;89;239;|;10;8;23
1/3/15 4:12 PM;LEFT_CLICK_BLOCK;QubicRage;DIM:0;110;89;239;|;11;8;23
1/3/15 4:12 PM;LEFT_CLICK_BLOCK;QubicRage;DIM:0;110;88;239;|;11;8;23
1/3/15 4:12 PM;LEFT_CLICK_BLOCK;QubicRage;DIM:0;110;90;239;|;11;9;23
1/3/15 4:12 PM;LEFT_CLICK_BLOCK;QubicRage;DIM:0;103;83;247;|;10;8;24
1/3/15 4:12 PM;LEFT_CLICK_BLOCK;QubicRage;DIM:0;103;82;247;|;10;8;24
1/3/15 4:12 PM;LEFT_CLICK_BLOCK;QubicRage;DIM:0;102;83;247;|;10;8;24
1/3/15 4:12 PM;LEFT_CLICK_BLOCK;QubicRage;DIM:0;102;82;247;|;10;8;24
1/3/15 4:13 PM;LEFT_CLICK_BLOCK;QubicRage;DIM:0;102;81;247;|;10;8;24
1/3/15 4:13 PM;LEFT_CLICK_BLOCK;QubicRage;DIM:0;102;80;247;|;10;8;24
1/3/15 4:13 PM;LEFT_CLICK_BLOCK;QubicRage;DIM:0;102;79;247;|;10;7;24
1/3/15 4:13 PM;LEFT_CLICK_BLOCK;QubicRage;DIM:0;102;78;247;|;10;7;24
1/3/15 4:13 PM;RIGHT_CLICK_BLOCK;QubicRage;DIM:0;103;78;247;|;10;7;24
1/3/15 4:13 PM;LEFT_CLICK_BLOCK;QubicRage;DIM:0;96;87;243;|;9;8;24
1/3/15 4:13 PM;LEFT_CLICK_BLOCK;QubicRage;DIM:0;96;87;244;|;9;8;24
1/3/15 4:13 PM;LEFT_CLICK_BLOCK;QubicRage;DIM:0;96;86;244;|;9;8;24
1/3/15 4:13 PM;LEFT_CLICK_BLOCK;QubicRage;DIM:0;96;85;244;|;9;8;24
1/3/15 4:13 PM;LEFT_CLICK_BLOCK;QubicRage;DIM:0;96;84;244;|;9;8;24
1/3/15 4:13 PM;LEFT_CLICK_BLOCK;QubicRage;DIM:0;96;83;244;|;9;8;24
1/3/15 4:13 PM;LEFT_CLICK_BLOCK;QubicRage;DIM:0;96;82;244;|;9;8;24
1/3/15 4:13 PM;LEFT_CLICK_BLOCK;QubicRage;DIM:0;96;81;244;|;9;8;24
1/3/15 4:13 PM;LEFT_CLICK_BLOCK;QubicRage;DIM:0;96;80;244;|;9;8;24
1/3/15 4:13 PM;LEFT_CLICK_BLOCK;QubicRage;DIM:0;92;86;241;|;9;8;24
1/3/15 4:13 PM;LEFT_CLICK_BLOCK;QubicRage;DIM:0;92;85;241;|;9;8;24
1/3/15 4:13 PM;LEFT_CLICK_BLOCK;QubicRage;DIM:0;92;85;240;|;9;8;24
1/3/15 4:13 PM;LEFT_CLICK_BLOCK;QubicRage;DIM:0;92;86;240;|;9;8;24
1/3/15 4:13 PM;LEFT_CLICK_BLOCK;QubicRage;DIM:0;92;84;240;|;9;8;24
1/3/15 4:13 PM;LEFT_CLICK_BLOCK;QubicRage;DIM:0;92;84;239;|;9;8;23
1/3/15 4:13 PM;LEFT_CLICK_BLOCK;QubicRage;DIM:0;92;83;240;|;9;8;24
1/3/15 4:13 PM;LEFT_CLICK_BLOCK;QubicRage;DIM:0;92;82;240;|;9;8;24
1/3/15 4:13 PM;LEFT_CLICK_BLOCK;QubicRage;DIM:0;92;81;240;|;9;8;24
1/3/15 4:13 PM;LEFT_CLICK_BLOCK;QubicRage;DIM:0;91;85;232;|;9;8;23
1/3/15 4:13 PM;LEFT_CLICK_BLOCK;QubicRage;DIM:0;91;86;232;|;9;8;23
1/3/15 4:13 PM;LEFT_CLICK_BLOCK;QubicRage;DIM:0;90;87;232;|;9;8;23
1/3/15 4:13 PM;LEFT_CLICK_BLOCK;QubicRage;DIM:0;90;85;232;|;9;8;23
1/3/15 4:13 PM;LEFT_CLICK_BLOCK;QubicRage;DIM:0;90;87;231;|;9;8;23
1/3/15 4:14 PM;LEFT_CLICK_BLOCK;QubicRage;DIM:0;61;69;286;|;6;6;28
1/3/15 4:14 PM;LEFT_CLICK_BLOCK;QubicRage;DIM:0;60;69;286;|;6;6;28
1/3/15 4:14 PM;LEFT_CLICK_BLOCK;QubicRage;DIM:0;61;69;287;|;6;6;28
1/3/15 4:14 PM;LEFT_CLICK_BLOCK;QubicRage;DIM:0;61;69;285;|;6;6;28
1/3/15 4:14 PM;LEFT_CLICK_BLOCK;QubicRage;DIM:0;62;69;286;|;6;6;28
1/3/15 4:14 PM;RIGHT_CLICK_BLOCK;QubicRage;DIM:0;59;69;286;|;5;6;28
1/3/15 4:14 PM;RIGHT_CLICK_BLOCK;QubicRage;DIM:0;61;68;286;|;6;6;28
1/3/15 4:14 PM;RIGHT_CLICK_BLOCK;QubicRage;DIM:0;61;69;286;|;6;6;28
1/3/15 4:14 PM;RIGHT_CLICK_BLOCK;QubicRage;DIM:0;60;69;287;|;6;6;28
1/3/15 4:14 PM;RIGHT_CLICK_BLOCK;QubicRage;DIM:0;60;69;285;|;6;6;28
1/3/15 4:14 PM;RIGHT_CLICK_BLOCK;QubicRage;DIM:0;61;69;286;|;6;6;28
1/3/15 4:14 PM;LEFT_CLICK_BLOCK;QubicRage;DIM:0;61;70;286;|;6;7;28
1/3/15 4:14 PM;LEFT_CLICK_BLOCK;QubicRage;DIM:0;61;69;287;|;6;6;28
1/3/15 4:14 PM;LEFT_CLICK_BLOCK;QubicRage;DIM:0;61;69;286;|;6;6;28
1/3/15 4:14 PM;LEFT_CLICK_BLOCK;QubicRage;DIM:0;60;69;286;|;6;6;28
1/3/15 4:14 PM;LEFT_CLICK_BLOCK;QubicRage;DIM:0;62;69;286;|;6;6;28
1/3/15 4:14 PM;LEFT_CLICK_BLOCK;QubicRage;DIM:0;61;69;285;|;6;6;28
1/3/15 4:16 PM;RIGHT_CLICK_BLOCK;QubicRage;DIM:0;61;68;287;|;6;6;28
1/3/15 4:16 PM;RIGHT_CLICK_BLOCK;QubicRage;DIM:0;61;68;285;|;6;6;28
1/3/15 4:16 PM;RIGHT_CLICK_BLOCK;QubicRage;DIM:0;61;68;286;|;6;6;28
1/3/15 4:16 PM;RIGHT_CLICK_BLOCK;QubicRage;DIM:0;62;69;287;|;6;6;28
1/3/15 4:16 PM;RIGHT_CLICK_BLOCK;QubicRage;DIM:0;61;69;286;|;6;6;28
1/3/15 4:16 PM;LEFT_CLICK_BLOCK;QubicRage;DIM:0;61;70;286;|;6;7;28
1/3/15 4:16 PM;RIGHT_CLICK_BLOCK;QubicRage;DIM:0;59;69;286;|;5;6;28
1/3/15 4:16 PM;LEFT_CLICK_BLOCK;QubicRage;DIM:0;62;69;285;|;6;6;28
1/3/15 4:16 PM;RIGHT_CLICK_BLOCK;QubicRage;DIM:0;62;69;286;|;6;6;28
1/3/15 4:16 PM;LEFT_CLICK_BLOCK;QubicRage;DIM:0;62;69;287;|;6;6;28
1/3/15 4:16 PM;RIGHT_CLICK_BLOCK;QubicRage;DIM:0;62;69;288;|;6;6;28
1/3/15 4:16 PM;LEFT_CLICK_BLOCK;QubicRage;DIM:0;60;69;287;|;6;6;28
1/3/15 4:16 PM;RIGHT_CLICK_BLOCK;QubicRage;DIM:0;59;69;287;|;5;6;28
1/3/15 4:16 PM;LEFT_CLICK_BLOCK;QubicRage;DIM:0;60;69;285;|;6;6;28
1/3/15 4:16 PM;RIGHT_CLICK_BLOCK;QubicRage;DIM:0;59;69;285;|;5;6;28
