INFO: Adding command minetweaker
INFO: Adding minetweaker command mfr
INFO: Removing 4 recipes
INFO: Removing 2 recipes
INFO: Removing 2 recipes
INFO: Removing 1 recipes
INFO: Removing 2 recipes
INFO: Removing 1 recipes
INFO: Removing 1 recipes
INFO: Removing 2 recipes
INFO: Removing 1 recipes
INFO: Removing 1 recipes
INFO: Removing 1 recipes
INFO: Removing 2 recipes
INFO: Removing 1 recipes
INFO: Removing 2 recipes
INFO: Removing 1 recipes
INFO: Removing 1 recipes
INFO: Adding recipe for Iron Chest
INFO: Adding recipe for Iron Chest
INFO: Adding recipe for Gold Chest
INFO: Adding recipe for Gold Chest
INFO: Adding recipe for Diamond Chest
INFO: Adding recipe for Diamond Chest
INFO: Adding recipe for Copper Chest
INFO: Adding recipe for Silver Chest
INFO: Adding recipe for Silver Chest
INFO: Adding recipe for Crystal Chest
INFO: Adding recipe for Obsidian Chest
INFO: Adding recipe for Iron to Gold Chest Upgrade
INFO: Adding recipe for Gold to Diamond Chest Upgrade
INFO: Adding recipe for Copper to Silver Chest Upgrade
INFO: Adding recipe for Silver to Gold Chest Upgrade
INFO: Adding recipe for Copper to Iron Chest Upgrade
INFO: Adding recipe for Diamond to Crystal Chest Upgrade
INFO: Adding recipe for Wood to Iron Chest Upgrade
INFO: Adding recipe for Wood to Copper Chest Upgrade
INFO: Adding recipe for Diamond to Obsidian Chest Upgrade
