1/11/15 1:14 PM;LEFT_CLICK_BLOCK;QubicRage;DIM:0;61;50;284;|;6;5;28
1/11/15 1:14 PM;LEFT_CLICK_BLOCK;QubicRage;DIM:0;60;50;284;|;6;5;28
1/11/15 1:14 PM;LEFT_CLICK_BLOCK;QubicRage;DIM:0;60;50;285;|;6;5;28
1/11/15 1:14 PM;LEFT_CLICK_BLOCK;QubicRage;DIM:0;61;50;285;|;6;5;28
1/11/15 1:15 PM;RIGHT_CLICK_BLOCK;QubicRage;DIM:0;60;48;284;|;6;4;28
1/11/15 1:15 PM;RIGHT_CLICK_BLOCK;QubicRage;DIM:0;61;48;284;|;6;4;28
1/11/15 1:15 PM;RIGHT_CLICK_BLOCK;QubicRage;DIM:0;61;48;285;|;6;4;28
1/11/15 1:15 PM;RIGHT_CLICK_BLOCK;QubicRage;DIM:0;60;48;285;|;6;4;28
1/11/15 1:15 PM;RIGHT_CLICK_BLOCK;QubicRage;DIM:0;61;48;284;|;6;4;28
1/11/15 1:15 PM;RIGHT_CLICK_BLOCK;QubicRage;DIM:0;60;48;284;|;6;4;28
1/11/15 1:15 PM;RIGHT_CLICK_BLOCK;QubicRage;DIM:0;61;48;285;|;6;4;28
1/11/15 1:15 PM;RIGHT_CLICK_BLOCK;QubicRage;DIM:0;60;48;285;|;6;4;28
1/11/15 1:15 PM;RIGHT_CLICK_BLOCK;QubicRage;DIM:0;61;49;284;|;6;4;28
1/11/15 1:15 PM;RIGHT_CLICK_BLOCK;QubicRage;DIM:0;60;49;284;|;6;4;28
1/11/15 1:15 PM;RIGHT_CLICK_BLOCK;QubicRage;DIM:0;60;49;285;|;6;4;28
1/11/15 1:15 PM;RIGHT_CLICK_BLOCK;QubicRage;DIM:0;61;49;285;|;6;4;28
1/11/15 1:15 PM;LEFT_CLICK_BLOCK;QubicRage;DIM:0;60;49;284;|;6;4;28
1/11/15 1:15 PM;LEFT_CLICK_BLOCK;QubicRage;DIM:0;61;49;284;|;6;4;28
1/11/15 1:15 PM;LEFT_CLICK_BLOCK;QubicRage;DIM:0;60;49;285;|;6;4;28
1/11/15 1:15 PM;LEFT_CLICK_BLOCK;QubicRage;DIM:0;61;49;285;|;6;4;28
1/11/15 1:15 PM;RIGHT_CLICK_BLOCK;QubicRage;DIM:0;62;49;284;|;6;4;28
1/11/15 1:15 PM;RIGHT_CLICK_BLOCK;QubicRage;DIM:0;61;49;284;|;6;4;28
1/11/15 1:15 PM;RIGHT_CLICK_BLOCK;QubicRage;DIM:0;60;49;284;|;6;4;28
1/11/15 1:15 PM;LEFT_CLICK_BLOCK;QubicRage;DIM:0;57;56;287;|;5;5;28
1/11/15 1:15 PM;LEFT_CLICK_BLOCK;QubicRage;DIM:0;57;55;288;|;5;5;28
1/11/15 1:15 PM;LEFT_CLICK_BLOCK;QubicRage;DIM:0;57;54;289;|;5;5;28
1/11/15 1:15 PM;RIGHT_CLICK_BLOCK;QubicRage;DIM:0;59;51;289;|;5;5;28
1/11/15 1:15 PM;RIGHT_CLICK_BLOCK;QubicRage;DIM:0;61;51;290;|;6;5;29
1/11/15 1:19 PM;RIGHT_CLICK_BLOCK;QubicRage;DIM:0;61;50;289;|;6;5;28
1/11/15 1:20 PM;RIGHT_CLICK_BLOCK;QubicRage;DIM:0;63;51;290;|;6;5;29
1/11/15 1:20 PM;RIGHT_CLICK_BLOCK;QubicRage;DIM:0;63;51;289;|;6;5;28
1/11/15 1:21 PM;RIGHT_CLICK_BLOCK;QubicRage;DIM:0;63;51;289;|;6;5;28
1/11/15 1:22 PM;RIGHT_CLICK_BLOCK;QubicRage;DIM:0;64;50;288;|;6;5;28
1/11/15 1:23 PM;RIGHT_CLICK_BLOCK;QubicRage;DIM:0;52;57;286;|;5;5;28
1/11/15 1:24 PM;RIGHT_CLICK_BLOCK;QubicRage;DIM:0;52;57;286;|;5;5;28
1/11/15 1:24 PM;RIGHT_CLICK_BLOCK;QubicRage;DIM:0;52;57;285;|;5;5;28
1/11/15 1:24 PM;RIGHT_CLICK_BLOCK;QubicRage;DIM:0;52;57;285;|;5;5;28
1/11/15 1:24 PM;LEFT_CLICK_BLOCK;QubicRage;DIM:0;54;56;285;|;5;5;28
1/11/15 1:24 PM;RIGHT_CLICK_BLOCK;QubicRage;DIM:0;52;57;285;|;5;5;28
1/11/15 1:24 PM;RIGHT_CLICK_BLOCK;QubicRage;DIM:0;52;57;285;|;5;5;28
1/11/15 1:24 PM;RIGHT_CLICK_BLOCK;QubicRage;DIM:0;51;56;284;|;5;5;28
1/11/15 1:25 PM;LEFT_CLICK_BLOCK;QubicRage;DIM:0;52;57;285;|;5;5;28
1/11/15 1:25 PM;RIGHT_CLICK_BLOCK;QubicRage;DIM:0;52;56;285;|;5;5;28
1/11/15 1:29 PM;RIGHT_CLICK_BLOCK;QubicRage;DIM:0;50;56;284;|;5;5;28
1/11/15 1:30 PM;RIGHT_CLICK_BLOCK;QubicRage;DIM:0;50;57;284;|;5;5;28
1/11/15 1:30 PM;RIGHT_CLICK_BLOCK;QubicRage;DIM:0;50;57;284;|;5;5;28
1/11/15 1:30 PM;LEFT_CLICK_BLOCK;QubicRage;DIM:0;50;57;284;|;5;5;28
1/11/15 1:30 PM;RIGHT_CLICK_BLOCK;QubicRage;DIM:0;52;56;285;|;5;5;28
1/11/15 1:30 PM;RIGHT_CLICK_BLOCK;QubicRage;DIM:0;52;56;285;|;5;5;28
1/11/15 1:30 PM;RIGHT_CLICK_BLOCK;QubicRage;DIM:0;51;56;283;|;5;5;28
1/11/15 1:30 PM;RIGHT_CLICK_BLOCK;QubicRage;DIM:0;50;56;284;|;5;5;28
1/11/15 1:30 PM;RIGHT_CLICK_BLOCK;QubicRage;DIM:0;52;56;285;|;5;5;28
1/11/15 1:33 PM;RIGHT_CLICK_BLOCK;QubicRage;DIM:0;50;56;283;|;5;5;28
1/11/15 1:33 PM;RIGHT_CLICK_BLOCK;QubicRage;DIM:0;50;57;283;|;5;5;28
1/11/15 1:34 PM;RIGHT_CLICK_BLOCK;QubicRage;DIM:0;49;57;284;|;4;5;28
1/11/15 1:36 PM;LEFT_CLICK_BLOCK;QubicRage;DIM:0;50;57;283;|;5;5;28
1/11/15 1:36 PM;RIGHT_CLICK_BLOCK;QubicRage;DIM:0;54;56;283;|;5;5;28
1/11/15 1:37 PM;RIGHT_CLICK_BLOCK;QubicRage;DIM:0;53;56;284;|;5;5;28
1/11/15 1:37 PM;RIGHT_CLICK_BLOCK;QubicRage;DIM:0;65;50;285;|;6;5;28
1/11/15 1:37 PM;RIGHT_CLICK_BLOCK;QubicRage;DIM:0;66;51;285;|;6;5;28
1/11/15 1:37 PM;RIGHT_CLICK_BLOCK;QubicRage;DIM:0;66;51;286;|;6;5;28
1/11/15 1:37 PM;RIGHT_CLICK_BLOCK;QubicRage;DIM:0;65;50;286;|;6;5;28
1/11/15 1:37 PM;RIGHT_CLICK_BLOCK;QubicRage;DIM:0;64;50;286;|;6;5;28
1/11/15 1:37 PM;RIGHT_CLICK_BLOCK;QubicRage;DIM:0;64;50;285;|;6;5;28
1/11/15 1:38 PM;RIGHT_CLICK_BLOCK;QubicRage;DIM:0;66;51;288;|;6;5;28
1/11/15 1:38 PM;RIGHT_CLICK_BLOCK;QubicRage;DIM:0;66;52;288;|;6;5;28
1/11/15 1:38 PM;RIGHT_CLICK_BLOCK;QubicRage;DIM:0;65;51;288;|;6;5;28
1/11/15 1:38 PM;LEFT_CLICK_BLOCK;QubicRage;DIM:0;65;51;288;|;6;5;28
1/11/15 1:38 PM;RIGHT_CLICK_BLOCK;QubicRage;DIM:0;65;51;288;|;6;5;28
1/11/15 1:38 PM;RIGHT_CLICK_BLOCK;QubicRage;DIM:0;65;52;288;|;6;5;28
1/11/15 1:39 PM;RIGHT_CLICK_BLOCK;QubicRage;DIM:0;62;58;279;|;6;5;27
1/11/15 1:39 PM;LEFT_CLICK_BLOCK;QubicRage;DIM:0;62;58;280;|;6;5;28
1/11/15 1:39 PM;RIGHT_CLICK_BLOCK;QubicRage;DIM:0;63;58;280;|;6;5;28
1/11/15 1:39 PM;LEFT_CLICK_BLOCK;QubicRage;DIM:0;62;58;280;|;6;5;28
1/11/15 1:39 PM;LEFT_CLICK_BLOCK;QubicRage;DIM:0;63;59;280;|;6;5;28
1/11/15 1:39 PM;LEFT_CLICK_BLOCK;QubicRage;DIM:0;63;58;280;|;6;5;28
1/11/15 1:39 PM;LEFT_CLICK_BLOCK;QubicRage;DIM:0;64;59;280;|;6;5;28
1/11/15 1:39 PM;LEFT_CLICK_BLOCK;QubicRage;DIM:0;64;58;280;|;6;5;28
1/11/15 1:39 PM;LEFT_CLICK_BLOCK;QubicRage;DIM:0;65;59;280;|;6;5;28
1/11/15 1:39 PM;LEFT_CLICK_BLOCK;QubicRage;DIM:0;65;58;280;|;6;5;28
1/11/15 1:39 PM;LEFT_CLICK_BLOCK;QubicRage;DIM:0;63;57;280;|;6;5;28
1/11/15 1:39 PM;LEFT_CLICK_BLOCK;QubicRage;DIM:0;63;56;280;|;6;5;28
1/11/15 1:39 PM;LEFT_CLICK_BLOCK;QubicRage;DIM:0;64;57;280;|;6;5;28
1/11/15 1:39 PM;LEFT_CLICK_BLOCK;QubicRage;DIM:0;64;56;280;|;6;5;28
1/11/15 1:39 PM;LEFT_CLICK_BLOCK;QubicRage;DIM:0;64;57;279;|;6;5;27
1/11/15 1:39 PM;LEFT_CLICK_BLOCK;QubicRage;DIM:0;63;57;279;|;6;5;27
1/11/15 1:39 PM;LEFT_CLICK_BLOCK;QubicRage;DIM:0;63;56;279;|;6;5;27
1/11/15 1:39 PM;LEFT_CLICK_BLOCK;QubicRage;DIM:0;64;56;279;|;6;5;27
1/11/15 1:39 PM;LEFT_CLICK_BLOCK;QubicRage;DIM:0;65;57;280;|;6;5;28
1/11/15 1:39 PM;LEFT_CLICK_BLOCK;QubicRage;DIM:0;65;56;280;|;6;5;28
1/11/15 1:39 PM;LEFT_CLICK_BLOCK;QubicRage;DIM:0;65;57;279;|;6;5;27
1/11/15 1:39 PM;LEFT_CLICK_BLOCK;QubicRage;DIM:0;65;56;279;|;6;5;27
1/11/15 1:39 PM;LEFT_CLICK_BLOCK;QubicRage;DIM:0;64;57;281;|;6;5;28
1/11/15 1:39 PM;LEFT_CLICK_BLOCK;QubicRage;DIM:0;65;57;281;|;6;5;28
1/11/15 1:39 PM;LEFT_CLICK_BLOCK;QubicRage;DIM:0;65;56;281;|;6;5;28
1/11/15 1:39 PM;LEFT_CLICK_BLOCK;QubicRage;DIM:0;64;56;281;|;6;5;28
1/11/15 1:39 PM;LEFT_CLICK_BLOCK;QubicRage;DIM:0;63;57;281;|;6;5;28
1/11/15 1:39 PM;LEFT_CLICK_BLOCK;QubicRage;DIM:0;63;56;281;|;6;5;28
1/11/15 1:39 PM;RIGHT_CLICK_BLOCK;QubicRage;DIM:0;64;56;282;|;6;5;28
1/11/15 1:40 PM;RIGHT_CLICK_BLOCK;QubicRage;DIM:0;62;56;280;|;6;5;28
1/11/15 1:40 PM;LEFT_CLICK_BLOCK;QubicRage;DIM:0;63;56;280;|;6;5;28
1/11/15 1:40 PM;RIGHT_CLICK_BLOCK;QubicRage;DIM:0;63;55;280;|;6;5;28
1/11/15 1:40 PM;RIGHT_CLICK_BLOCK;QubicRage;DIM:0;63;56;280;|;6;5;28
1/11/15 1:40 PM;LEFT_CLICK_BLOCK;QubicRage;DIM:0;63;57;280;|;6;5;28
1/11/15 1:40 PM;LEFT_CLICK_BLOCK;QubicRage;DIM:0;63;56;280;|;6;5;28
1/11/15 1:40 PM;LEFT_CLICK_BLOCK;QubicRage;DIM:0;63;55;280;|;6;5;28
1/11/15 1:40 PM;RIGHT_CLICK_BLOCK;QubicRage;DIM:0;63;54;280;|;6;5;28
1/11/15 1:40 PM;RIGHT_CLICK_BLOCK;QubicRage;DIM:0;62;56;280;|;6;5;28
1/11/15 1:40 PM;RIGHT_CLICK_BLOCK;QubicRage;DIM:0;62;57;280;|;6;5;28
1/11/15 1:40 PM;RIGHT_CLICK_BLOCK;QubicRage;DIM:0;62;56;281;|;6;5;28
1/11/15 1:40 PM;RIGHT_CLICK_BLOCK;QubicRage;DIM:0;63;56;281;|;6;5;28
1/11/15 1:40 PM;RIGHT_CLICK_BLOCK;QubicRage;DIM:0;63;56;278;|;6;5;27
1/11/15 1:40 PM;RIGHT_CLICK_BLOCK;QubicRage;DIM:0;63;57;278;|;6;5;27
1/11/15 1:40 PM;LEFT_CLICK_BLOCK;QubicRage;DIM:0;64;55;280;|;6;5;28
1/11/15 1:40 PM;RIGHT_CLICK_BLOCK;QubicRage;DIM:0;64;54;280;|;6;5;28
1/11/15 1:40 PM;RIGHT_CLICK_BLOCK;QubicRage;DIM:0;64;55;280;|;6;5;28
1/11/15 1:40 PM;LEFT_CLICK_BLOCK;QubicRage;DIM:0;64;56;280;|;6;5;28
1/11/15 1:40 PM;RIGHT_CLICK_BLOCK;QubicRage;DIM:0;65;55;281;|;6;5;28
1/11/15 1:40 PM;RIGHT_CLICK_BLOCK;QubicRage;DIM:0;65;56;281;|;6;5;28
1/11/15 1:40 PM;RIGHT_CLICK_BLOCK;QubicRage;DIM:0;64;56;281;|;6;5;28
1/11/15 1:40 PM;RIGHT_CLICK_BLOCK;QubicRage;DIM:0;65;55;280;|;6;5;28
1/11/15 1:40 PM;RIGHT_CLICK_BLOCK;QubicRage;DIM:0;64;55;280;|;6;5;28
1/11/15 1:40 PM;RIGHT_CLICK_BLOCK;QubicRage;DIM:0;65;56;280;|;6;5;28
1/11/15 1:40 PM;RIGHT_CLICK_BLOCK;QubicRage;DIM:0;64;56;280;|;6;5;28
1/11/15 1:40 PM;LEFT_CLICK_BLOCK;QubicRage;DIM:0;65;57;280;|;6;5;28
1/11/15 1:40 PM;LEFT_CLICK_BLOCK;QubicRage;DIM:0;65;56;280;|;6;5;28
1/11/15 1:40 PM;LEFT_CLICK_BLOCK;QubicRage;DIM:0;64;57;280;|;6;5;28
1/11/15 1:40 PM;RIGHT_CLICK_BLOCK;QubicRage;DIM:0;65;56;278;|;6;5;27
1/11/15 1:40 PM;RIGHT_CLICK_BLOCK;QubicRage;DIM:0;64;56;278;|;6;5;27
1/11/15 1:40 PM;RIGHT_CLICK_BLOCK;QubicRage;DIM:0;65;56;279;|;6;5;27
1/11/15 1:40 PM;RIGHT_CLICK_BLOCK;QubicRage;DIM:0;64;56;279;|;6;5;27
1/11/15 1:40 PM;RIGHT_CLICK_BLOCK;QubicRage;DIM:0;65;55;280;|;6;5;28
1/11/15 1:40 PM;RIGHT_CLICK_BLOCK;QubicRage;DIM:0;65;56;280;|;6;5;28
1/11/15 1:40 PM;RIGHT_CLICK_BLOCK;QubicRage;DIM:0;65;57;280;|;6;5;28
1/11/15 1:40 PM;RIGHT_CLICK_BLOCK;QubicRage;DIM:0;66;59;280;|;6;5;28
1/11/15 1:40 PM;LEFT_CLICK_BLOCK;QubicRage;DIM:0;63;59;279;|;6;5;27
1/11/15 1:40 PM;LEFT_CLICK_BLOCK;QubicRage;DIM:0;63;58;279;|;6;5;27
1/11/15 1:40 PM;RIGHT_CLICK_BLOCK;QubicRage;DIM:0;63;57;279;|;6;5;27
1/11/15 1:40 PM;RIGHT_CLICK_BLOCK;QubicRage;DIM:0;63;59;278;|;6;5;27
1/11/15 1:40 PM;LEFT_CLICK_BLOCK;QubicRage;DIM:0;64;59;281;|;6;5;28
1/11/15 1:40 PM;LEFT_CLICK_BLOCK;QubicRage;DIM:0;64;58;281;|;6;5;28
1/11/15 1:40 PM;LEFT_CLICK_BLOCK;QubicRage;DIM:0;64;59;282;|;6;5;28
1/11/15 1:40 PM;LEFT_CLICK_BLOCK;QubicRage;DIM:0;64;58;282;|;6;5;28
1/11/15 1:40 PM;RIGHT_CLICK_BLOCK;QubicRage;DIM:0;63;57;282;|;6;5;28
1/11/15 1:40 PM;RIGHT_CLICK_BLOCK;QubicRage;DIM:0;63;58;282;|;6;5;28
1/11/15 1:40 PM;LEFT_CLICK_BLOCK;QubicRage;DIM:0;65;59;280;|;6;5;28
1/11/15 1:40 PM;LEFT_CLICK_BLOCK;QubicRage;DIM:0;65;58;280;|;6;5;28
1/11/15 1:41 PM;LEFT_CLICK_BLOCK;QubicRage;DIM:0;65;59;281;|;6;5;28
1/11/15 1:41 PM;LEFT_CLICK_BLOCK;QubicRage;DIM:0;65;59;282;|;6;5;28
1/11/15 1:41 PM;LEFT_CLICK_BLOCK;QubicRage;DIM:0;65;58;281;|;6;5;28
1/11/15 1:41 PM;LEFT_CLICK_BLOCK;QubicRage;DIM:0;65;58;282;|;6;5;28
1/11/15 1:41 PM;RIGHT_CLICK_BLOCK;QubicRage;DIM:0;64;57;282;|;6;5;28
1/11/15 1:41 PM;RIGHT_CLICK_BLOCK;QubicRage;DIM:0;64;59;283;|;6;5;28
1/11/15 1:41 PM;RIGHT_CLICK_BLOCK;QubicRage;DIM:0;64;58;282;|;6;5;28
1/11/15 1:41 PM;RIGHT_CLICK_BLOCK;QubicRage;DIM:0;64;59;282;|;6;5;28
1/11/15 1:44 PM;RIGHT_CLICK_BLOCK;QubicRage;DIM:0;64;58;282;|;6;5;28
1/11/15 1:44 PM;RIGHT_CLICK_BLOCK;QubicRage;DIM:0;66;59;282;|;6;5;28
1/11/15 1:44 PM;LEFT_CLICK_BLOCK;QubicRage;DIM:0;66;59;281;|;6;5;28
1/11/15 1:45 PM;LEFT_CLICK_BLOCK;QubicRage;DIM:0;66;58;281;|;6;5;28
1/11/15 1:45 PM;LEFT_CLICK_BLOCK;QubicRage;DIM:0;66;59;280;|;6;5;28
1/11/15 1:45 PM;LEFT_CLICK_BLOCK;QubicRage;DIM:0;66;58;280;|;6;5;28
1/11/15 1:45 PM;LEFT_CLICK_BLOCK;QubicRage;DIM:0;67;59;280;|;6;5;28
1/11/15 1:45 PM;LEFT_CLICK_BLOCK;QubicRage;DIM:0;67;59;281;|;6;5;28
1/11/15 1:45 PM;LEFT_CLICK_BLOCK;QubicRage;DIM:0;67;58;280;|;6;5;28
1/11/15 1:45 PM;LEFT_CLICK_BLOCK;QubicRage;DIM:0;67;58;281;|;6;5;28
1/11/15 1:45 PM;LEFT_CLICK_BLOCK;QubicRage;DIM:0;67;59;282;|;6;5;28
1/11/15 1:45 PM;RIGHT_CLICK_BLOCK;QubicRage;DIM:0;66;58;282;|;6;5;28
1/11/15 1:45 PM;LEFT_CLICK_BLOCK;QubicRage;DIM:0;66;58;281;|;6;5;28
1/11/15 1:45 PM;RIGHT_CLICK_BLOCK;QubicRage;DIM:0;66;58;282;|;6;5;28
1/11/15 1:45 PM;LEFT_CLICK_BLOCK;QubicRage;DIM:0;66;58;281;|;6;5;28
1/11/15 1:45 PM;RIGHT_CLICK_BLOCK;QubicRage;DIM:0;66;57;281;|;6;5;28
1/11/15 1:45 PM;RIGHT_CLICK_BLOCK;QubicRage;DIM:0;66;57;280;|;6;5;28
1/11/15 1:45 PM;LEFT_CLICK_BLOCK;QubicRage;DIM:0;65;59;282;|;6;5;28
1/11/15 1:45 PM;LEFT_CLICK_BLOCK;QubicRage;DIM:0;66;58;280;|;6;5;28
1/11/15 1:45 PM;LEFT_CLICK_BLOCK;QubicRage;DIM:0;65;58;282;|;6;5;28
1/11/15 1:45 PM;LEFT_CLICK_BLOCK;QubicRage;DIM:0;66;58;281;|;6;5;28
1/11/15 1:45 PM;LEFT_CLICK_BLOCK;QubicRage;DIM:0;66;58;282;|;6;5;28
1/11/15 1:45 PM;RIGHT_CLICK_BLOCK;QubicRage;DIM:0;66;57;282;|;6;5;28
1/11/15 1:45 PM;RIGHT_CLICK_BLOCK;QubicRage;DIM:0;66;59;282;|;6;5;28
1/11/15 1:45 PM;LEFT_CLICK_BLOCK;QubicRage;DIM:0;66;58;282;|;6;5;28
1/11/15 1:45 PM;RIGHT_CLICK_BLOCK;QubicRage;DIM:0;66;58;283;|;6;5;28
1/11/15 1:45 PM;LEFT_CLICK_BLOCK;QubicRage;DIM:0;66;58;282;|;6;5;28
1/11/15 1:45 PM;RIGHT_CLICK_BLOCK;QubicRage;DIM:0;66;57;282;|;6;5;28
1/11/15 1:45 PM;LEFT_CLICK_BLOCK;QubicRage;DIM:0;67;58;282;|;6;5;28
1/11/15 1:45 PM;RIGHT_CLICK_BLOCK;QubicRage;DIM:0;66;57;281;|;6;5;28
1/11/15 1:45 PM;LEFT_CLICK_BLOCK;QubicRage;DIM:0;66;58;282;|;6;5;28
1/11/15 1:45 PM;RIGHT_CLICK_BLOCK;QubicRage;DIM:0;66;58;281;|;6;5;28
1/11/15 1:45 PM;LEFT_CLICK_BLOCK;QubicRage;DIM:0;66;58;281;|;6;5;28
1/11/15 1:45 PM;RIGHT_CLICK_BLOCK;QubicRage;DIM:0;67;57;282;|;6;5;28
1/11/15 1:46 PM;RIGHT_CLICK_BLOCK;QubicRage;DIM:0;67;58;282;|;6;5;28
1/11/15 1:46 PM;RIGHT_CLICK_BLOCK;QubicRage;DIM:0;67;57;280;|;6;5;28
1/11/15 1:46 PM;LEFT_CLICK_BLOCK;QubicRage;DIM:0;67;59;282;|;6;5;28
1/11/15 1:46 PM;RIGHT_CLICK_BLOCK;QubicRage;DIM:0;67;58;282;|;6;5;28
1/11/15 1:46 PM;LEFT_CLICK_BLOCK;QubicRage;DIM:0;68;59;281;|;6;5;28
1/11/15 1:46 PM;LEFT_CLICK_BLOCK;QubicRage;DIM:0;68;58;281;|;6;5;28
1/11/15 1:46 PM;LEFT_CLICK_BLOCK;QubicRage;DIM:0;68;59;280;|;6;5;28
1/11/15 1:46 PM;LEFT_CLICK_BLOCK;QubicRage;DIM:0;68;58;280;|;6;5;28
1/11/15 1:46 PM;LEFT_CLICK_BLOCK;QubicRage;DIM:0;68;59;282;|;6;5;28
1/11/15 1:46 PM;LEFT_CLICK_BLOCK;QubicRage;DIM:0;68;58;282;|;6;5;28
1/11/15 1:46 PM;RIGHT_CLICK_BLOCK;QubicRage;DIM:0;68;57;282;|;6;5;28
1/11/15 1:46 PM;LEFT_CLICK_BLOCK;QubicRage;DIM:0;67;58;282;|;6;5;28
1/11/15 1:46 PM;LEFT_CLICK_BLOCK;QubicRage;DIM:0;67;58;281;|;6;5;28
1/11/15 1:46 PM;LEFT_CLICK_BLOCK;QubicRage;DIM:0;67;58;280;|;6;5;28
1/11/15 1:46 PM;RIGHT_CLICK_BLOCK;QubicRage;DIM:0;67;57;282;|;6;5;28
1/11/15 1:46 PM;RIGHT_CLICK_BLOCK;QubicRage;DIM:0;67;58;282;|;6;5;28
1/11/15 1:46 PM;RIGHT_CLICK_BLOCK;QubicRage;DIM:0;68;58;282;|;6;5;28
1/11/15 1:46 PM;RIGHT_CLICK_BLOCK;QubicRage;DIM:0;68;57;281;|;6;5;28
1/11/15 1:46 PM;RIGHT_CLICK_BLOCK;QubicRage;DIM:0;68;57;280;|;6;5;28
1/11/15 1:46 PM;LEFT_CLICK_BLOCK;QubicRage;DIM:0;68;58;280;|;6;5;28
1/11/15 1:46 PM;LEFT_CLICK_BLOCK;QubicRage;DIM:0;68;59;279;|;6;5;27
1/11/15 1:46 PM;LEFT_CLICK_BLOCK;QubicRage;DIM:0;68;58;279;|;6;5;27
1/11/15 1:46 PM;LEFT_CLICK_BLOCK;QubicRage;DIM:0;68;59;278;|;6;5;27
1/11/15 1:46 PM;LEFT_CLICK_BLOCK;QubicRage;DIM:0;68;58;278;|;6;5;27
1/11/15 1:46 PM;LEFT_CLICK_BLOCK;QubicRage;DIM:0;67;59;278;|;6;5;27
1/11/15 1:46 PM;LEFT_CLICK_BLOCK;QubicRage;DIM:0;67;58;278;|;6;5;27
1/11/15 1:46 PM;LEFT_CLICK_BLOCK;QubicRage;DIM:0;66;59;278;|;6;5;27
1/11/15 1:46 PM;LEFT_CLICK_BLOCK;QubicRage;DIM:0;66;58;278;|;6;5;27
1/11/15 1:46 PM;LEFT_CLICK_BLOCK;QubicRage;DIM:0;65;59;278;|;6;5;27
1/11/15 1:46 PM;LEFT_CLICK_BLOCK;QubicRage;DIM:0;65;58;278;|;6;5;27
1/11/15 1:46 PM;LEFT_CLICK_BLOCK;QubicRage;DIM:0;64;59;278;|;6;5;27
1/11/15 1:46 PM;LEFT_CLICK_BLOCK;QubicRage;DIM:0;64;58;278;|;6;5;27
1/11/15 1:46 PM;LEFT_CLICK_BLOCK;QubicRage;DIM:0;64;59;280;|;6;5;28
1/11/15 1:46 PM;LEFT_CLICK_BLOCK;QubicRage;DIM:0;64;58;280;|;6;5;28
1/11/15 1:46 PM;RIGHT_CLICK_BLOCK;QubicRage;DIM:0;63;59;279;|;6;5;27
1/11/15 1:46 PM;LEFT_CLICK_BLOCK;QubicRage;DIM:0;64;59;279;|;6;5;27
1/11/15 1:46 PM;LEFT_CLICK_BLOCK;QubicRage;DIM:0;64;58;279;|;6;5;27
1/11/15 1:46 PM;LEFT_CLICK_BLOCK;QubicRage;DIM:0;63;59;278;|;6;5;27
1/11/15 1:46 PM;LEFT_CLICK_BLOCK;QubicRage;DIM:0;63;58;278;|;6;5;27
1/11/15 1:46 PM;LEFT_CLICK_BLOCK;QubicRage;DIM:0;62;58;278;|;6;5;27
1/11/15 1:46 PM;LEFT_CLICK_BLOCK;QubicRage;DIM:0;60;58;278;|;6;5;27
1/11/15 1:46 PM;LEFT_CLICK_BLOCK;QubicRage;DIM:0;59;58;278;|;5;5;27
1/11/15 1:46 PM;LEFT_CLICK_BLOCK;QubicRage;DIM:0;59;58;279;|;5;5;27
1/11/15 1:47 PM;RIGHT_CLICK_BLOCK;QubicRage;DIM:0;63;57;278;|;6;5;27
1/11/15 1:47 PM;RIGHT_CLICK_BLOCK;QubicRage;DIM:0;63;58;278;|;6;5;27
1/11/15 1:47 PM;RIGHT_CLICK_BLOCK;QubicRage;DIM:0;64;57;278;|;6;5;27
1/11/15 1:47 PM;RIGHT_CLICK_BLOCK;QubicRage;DIM:0;63;59;280;|;6;5;28
1/11/15 1:47 PM;RIGHT_CLICK_BLOCK;QubicRage;DIM:0;65;57;278;|;6;5;27
1/11/15 1:47 PM;RIGHT_CLICK_BLOCK;QubicRage;DIM:0;66;57;278;|;6;5;27
1/11/15 1:47 PM;RIGHT_CLICK_BLOCK;QubicRage;DIM:0;67;57;278;|;6;5;27
1/11/15 1:47 PM;RIGHT_CLICK_BLOCK;QubicRage;DIM:0;68;57;278;|;6;5;27
1/11/15 1:47 PM;RIGHT_CLICK_BLOCK;QubicRage;DIM:0;68;57;279;|;6;5;27
1/11/15 1:47 PM;RIGHT_CLICK_BLOCK;QubicRage;DIM:0;68;57;280;|;6;5;28
1/11/15 1:47 PM;RIGHT_CLICK_BLOCK;QubicRage;DIM:0;63;59;280;|;6;5;28
1/11/15 1:47 PM;RIGHT_CLICK_BLOCK;QubicRage;DIM:0;64;57;280;|;6;5;28
1/11/15 1:47 PM;RIGHT_CLICK_BLOCK;QubicRage;DIM:0;64;58;280;|;6;5;28
1/11/15 1:47 PM;RIGHT_CLICK_BLOCK;QubicRage;DIM:0;63;59;280;|;6;5;28
1/11/15 1:47 PM;LEFT_CLICK_BLOCK;QubicRage;DIM:0;64;58;280;|;6;5;28
1/11/15 1:47 PM;LEFT_CLICK_BLOCK;QubicRage;DIM:0;64;59;280;|;6;5;28
1/11/15 1:47 PM;LEFT_CLICK_BLOCK;QubicRage;DIM:0;68;58;280;|;6;5;28
1/11/15 1:47 PM;RIGHT_CLICK_BLOCK;QubicRage;DIM:0;68;57;280;|;6;5;28
1/11/15 1:47 PM;LEFT_CLICK_BLOCK;QubicRage;DIM:0;68;58;279;|;6;5;27
1/11/15 1:47 PM;RIGHT_CLICK_BLOCK;QubicRage;DIM:0;68;57;279;|;6;5;27
1/11/15 1:47 PM;RIGHT_CLICK_BLOCK;QubicRage;DIM:0;68;58;279;|;6;5;27
1/11/15 1:47 PM;RIGHT_CLICK_BLOCK;QubicRage;DIM:0;68;58;280;|;6;5;28
1/11/15 1:47 PM;RIGHT_CLICK_BLOCK;QubicRage;DIM:0;68;58;280;|;6;5;28
1/11/15 1:47 PM;RIGHT_CLICK_BLOCK;QubicRage;DIM:0;64;57;280;|;6;5;28
1/11/15 1:47 PM;RIGHT_CLICK_BLOCK;QubicRage;DIM:0;64;58;280;|;6;5;28
1/11/15 1:47 PM;RIGHT_CLICK_BLOCK;QubicRage;DIM:0;63;59;280;|;6;5;28
1/11/15 1:48 PM;RIGHT_CLICK_BLOCK;QubicRage;DIM:0;66;59;282;|;6;5;28
1/11/15 1:48 PM;RIGHT_CLICK_BLOCK;QubicRage;DIM:0;66;59;281;|;6;5;28
1/11/15 1:48 PM;LEFT_CLICK_BLOCK;QubicRage;DIM:0;66;59;281;|;6;5;28
1/11/15 1:48 PM;RIGHT_CLICK_BLOCK;QubicRage;DIM:0;66;59;279;|;6;5;27
1/11/15 1:48 PM;RIGHT_CLICK_BLOCK;QubicRage;DIM:0;66;58;279;|;6;5;27
1/11/15 1:48 PM;LEFT_CLICK_BLOCK;QubicRage;DIM:0;66;59;280;|;6;5;28
1/11/15 1:48 PM;RIGHT_CLICK_BLOCK;QubicRage;DIM:0;66;58;280;|;6;5;28
1/11/15 1:48 PM;RIGHT_CLICK_BLOCK;QubicRage;DIM:0;67;57;280;|;6;5;28
1/11/15 1:48 PM;RIGHT_CLICK_BLOCK;QubicRage;DIM:0;67;58;280;|;6;5;28
1/11/15 1:48 PM;RIGHT_CLICK_BLOCK;QubicRage;DIM:0;67;57;281;|;6;5;28
1/11/15 1:48 PM;RIGHT_CLICK_BLOCK;QubicRage;DIM:0;67;58;281;|;6;5;28
1/11/15 1:48 PM;RIGHT_CLICK_BLOCK;QubicRage;DIM:0;66;57;282;|;6;5;28
1/11/15 1:48 PM;LEFT_CLICK_BLOCK;QubicRage;DIM:0;66;58;282;|;6;5;28
1/11/15 1:48 PM;RIGHT_CLICK_BLOCK;QubicRage;DIM:0;66;57;281;|;6;5;28
1/11/15 1:48 PM;RIGHT_CLICK_BLOCK;QubicRage;DIM:0;65;57;281;|;6;5;28
1/11/15 1:48 PM;RIGHT_CLICK_BLOCK;QubicRage;DIM:0;66;58;281;|;6;5;28
1/11/15 1:48 PM;RIGHT_CLICK_BLOCK;QubicRage;DIM:0;65;58;281;|;6;5;28
1/11/15 1:48 PM;LEFT_CLICK_BLOCK;QubicRage;DIM:0;65;60;280;|;6;6;28
1/11/15 1:48 PM;RIGHT_CLICK_BLOCK;QubicRage;DIM:0;65;61;280;|;6;6;28
1/11/15 1:48 PM;LEFT_CLICK_BLOCK;QubicRage;DIM:0;66;60;280;|;6;6;28
1/11/15 1:48 PM;RIGHT_CLICK_BLOCK;QubicRage;DIM:0;66;61;280;|;6;6;28
1/11/15 1:49 PM;RIGHT_CLICK_BLOCK;QubicRage;DIM:0;65;60;280;|;6;6;28
1/11/15 1:49 PM;RIGHT_CLICK_BLOCK;QubicRage;DIM:0;65;60;280;|;6;6;28
1/11/15 1:49 PM;RIGHT_CLICK_BLOCK;QubicRage;DIM:0;66;60;280;|;6;6;28
1/11/15 1:50 PM;RIGHT_CLICK_BLOCK;QubicRage;DIM:0;66;60;280;|;6;6;28
1/11/15 1:50 PM;RIGHT_CLICK_BLOCK;QubicRage;DIM:0;66;60;280;|;6;6;28
1/11/15 1:50 PM;RIGHT_CLICK_BLOCK;QubicRage;DIM:0;65;60;280;|;6;6;28
1/11/15 1:50 PM;RIGHT_CLICK_BLOCK;QubicRage;DIM:0;65;60;280;|;6;6;28
1/11/15 1:50 PM;RIGHT_CLICK_BLOCK;QubicRage;DIM:0;65;60;280;|;6;6;28
1/11/15 1:50 PM;RIGHT_CLICK_BLOCK;QubicRage;DIM:0;67;59;280;|;6;5;28
1/11/15 1:51 PM;RIGHT_CLICK_BLOCK;QubicRage;DIM:0;66;58;280;|;6;5;28
1/11/15 1:51 PM;RIGHT_CLICK_BLOCK;QubicRage;DIM:0;63;59;280;|;6;5;28
1/11/15 1:51 PM;RIGHT_CLICK_BLOCK;QubicRage;DIM:0;66;58;279;|;6;5;27
1/11/15 1:51 PM;RIGHT_CLICK_BLOCK;QubicRage;DIM:0;66;58;280;|;6;5;28
1/11/15 1:51 PM;RIGHT_CLICK_BLOCK;QubicRage;DIM:0;64;57;279;|;6;5;27
1/11/15 1:51 PM;RIGHT_CLICK_BLOCK;QubicRage;DIM:0;64;58;279;|;6;5;27
1/11/15 1:51 PM;RIGHT_CLICK_BLOCK;QubicRage;DIM:0;66;58;280;|;6;5;28
1/11/15 1:51 PM;RIGHT_CLICK_BLOCK;QubicRage;DIM:0;62;58;279;|;6;5;27
1/11/15 1:51 PM;RIGHT_CLICK_BLOCK;QubicRage;DIM:0;62;59;279;|;6;5;27
1/11/15 1:51 PM;LEFT_CLICK_BLOCK;QubicRage;DIM:0;62;59;278;|;6;5;27
1/11/15 1:51 PM;RIGHT_CLICK_BLOCK;QubicRage;DIM:0;62;59;279;|;6;5;27
1/11/15 1:51 PM;RIGHT_CLICK_BLOCK;QubicRage;DIM:0;59;57;279;|;5;5;27
1/11/15 1:51 PM;RIGHT_CLICK_BLOCK;QubicRage;DIM:0;59;58;279;|;5;5;27
1/11/15 1:51 PM;RIGHT_CLICK_BLOCK;QubicRage;DIM:0;60;58;279;|;6;5;27
1/11/15 1:51 PM;RIGHT_CLICK_BLOCK;QubicRage;DIM:0;59;59;278;|;5;5;27
1/11/15 1:51 PM;RIGHT_CLICK_BLOCK;QubicRage;DIM:0;63;59;280;|;6;5;28
1/11/15 1:51 PM;RIGHT_CLICK_BLOCK;QubicRage;DIM:0;66;58;280;|;6;5;28
1/11/15 1:52 PM;RIGHT_CLICK_BLOCK;QubicRage;DIM:0;54;56;284;|;5;5;28
1/11/15 1:52 PM;LEFT_CLICK_BLOCK;QubicRage;DIM:0;54;57;284;|;5;5;28
1/11/15 1:52 PM;RIGHT_CLICK_BLOCK;QubicRage;DIM:0;54;56;284;|;5;5;28
1/11/15 1:54 PM;RIGHT_CLICK_BLOCK;QubicRage;DIM:0;63;59;280;|;6;5;28
1/11/15 1:54 PM;RIGHT_CLICK_BLOCK;QubicRage;DIM:0;66;58;280;|;6;5;28
